
*** Running vivado
    with args -log system_axi_sysid_0_0.vds -m64 -product Vivado -mode batch -messageDb vivado.pb -notrace -source system_axi_sysid_0_0.tcl


****** Vivado v2021.1 (64-bit)
  **** SW Build 3247384 on Thu Jun 10 19:36:07 MDT 2021
  **** IP Build 3246043 on Fri Jun 11 00:30:35 MDT 2021
    ** Copyright 1986-2021 Xilinx, Inc. All Rights Reserved.

source system_axi_sysid_0_0.tcl -notrace
INFO: [IP_Flow 19-234] Refreshing IP repositories
INFO: [IP_Flow 19-1700] Loaded user IP repository '/home/dator2/Documents/antsdr_standalone/hdl/library'.
WARNING: [IP_Flow 19-2248] Failed to load user IP repository '/home/dator2/Documents/antsdr_standalone/ghdl/library'; Can't find the specified path.
If this directory should no longer be in your list of user repositories, go to the IP Settings dialog and remove it.
INFO: [IP_Flow 19-2313] Loaded Vivado IP repository '/tools/Xilinx/Vivado/2021.1/data/ip'.
Command: synth_design -top system_axi_sysid_0_0 -part xc7z020clg400-2 -mode out_of_context
Starting synth_design
Attempting to get a license for feature 'Synthesis' and/or device 'xc7z020'
INFO: [Common 17-349] Got license for feature 'Synthesis' and/or device 'xc7z020'
INFO: [Device 21-403] Loading part xc7z020clg400-2
INFO: [Synth 8-7079] Multithreading enabled for synth_design using a maximum of 4 processes.
INFO: [Synth 8-7078] Launching helper process for spawning children vivado processes
INFO: [Synth 8-7075] Helper process launched with PID 20460
---------------------------------------------------------------------------------
Starting RTL Elaboration : Time (s): cpu = 00:00:04 ; elapsed = 00:00:04 . Memory (MB): peak = 2515.859 ; gain = 0.000 ; free physical = 4019 ; free virtual = 10774
---------------------------------------------------------------------------------
INFO: [Synth 8-6157] synthesizing module 'system_axi_sysid_0_0' [/home/dator2/Documents/antsdr_standalone/hdl/projects/antsdre200/antsdre200.gen/sources_1/bd/system/ip/system_axi_sysid_0_0/synth/system_axi_sysid_0_0.v:57]
INFO: [Synth 8-6157] synthesizing module 'axi_sysid' [/home/dator2/Documents/antsdr_standalone/hdl/projects/antsdre200/antsdre200.gen/sources_1/bd/system/ipshared/885f/axi_sysid.v:3]
INFO: [Synth 8-6157] synthesizing module 'up_axi' [/home/dator2/Documents/antsdr_standalone/hdl/projects/antsdre200/antsdre200.gen/sources_1/bd/system/ipshared/common/up_axi.v:38]
INFO: [Synth 8-6155] done synthesizing module 'up_axi' (1#1) [/home/dator2/Documents/antsdr_standalone/hdl/projects/antsdre200/antsdre200.gen/sources_1/bd/system/ipshared/common/up_axi.v:38]
INFO: [Synth 8-6155] done synthesizing module 'axi_sysid' (2#1) [/home/dator2/Documents/antsdr_standalone/hdl/projects/antsdre200/antsdre200.gen/sources_1/bd/system/ipshared/885f/axi_sysid.v:3]
INFO: [Synth 8-6155] done synthesizing module 'system_axi_sysid_0_0' (3#1) [/home/dator2/Documents/antsdr_standalone/hdl/projects/antsdre200/antsdre200.gen/sources_1/bd/system/ip/system_axi_sysid_0_0/synth/system_axi_sysid_0_0.v:57]
---------------------------------------------------------------------------------
Finished RTL Elaboration : Time (s): cpu = 00:00:05 ; elapsed = 00:00:05 . Memory (MB): peak = 2515.859 ; gain = 0.000 ; free physical = 2611 ; free virtual = 9368
---------------------------------------------------------------------------------
---------------------------------------------------------------------------------
Start Handling Custom Attributes
---------------------------------------------------------------------------------
---------------------------------------------------------------------------------
Finished Handling Custom Attributes : Time (s): cpu = 00:00:06 ; elapsed = 00:00:06 . Memory (MB): peak = 2515.859 ; gain = 0.000 ; free physical = 1998 ; free virtual = 8754
---------------------------------------------------------------------------------
---------------------------------------------------------------------------------
Finished RTL Optimization Phase 1 : Time (s): cpu = 00:00:06 ; elapsed = 00:00:06 . Memory (MB): peak = 2515.859 ; gain = 0.000 ; free physical = 1998 ; free virtual = 8754
---------------------------------------------------------------------------------
Netlist sorting complete. Time (s): cpu = 00:00:00.01 ; elapsed = 00:00:00.01 . Memory (MB): peak = 2515.859 ; gain = 0.000 ; free physical = 1949 ; free virtual = 8705
INFO: [Project 1-570] Preparing netlist for logic optimization

Processing XDC Constraints
Initializing timing engine
Completed Processing XDC Constraints

Netlist sorting complete. Time (s): cpu = 00:00:00 ; elapsed = 00:00:00 . Memory (MB): peak = 2579.805 ; gain = 0.000 ; free physical = 3627 ; free virtual = 10387
INFO: [Project 1-111] Unisim Transformation Summary:
No Unisim elements were transformed.

Constraint Validation Runtime : Time (s): cpu = 00:00:00.03 ; elapsed = 00:00:00.02 . Memory (MB): peak = 2579.805 ; gain = 0.000 ; free physical = 3626 ; free virtual = 10386
---------------------------------------------------------------------------------
Finished Constraint Validation : Time (s): cpu = 00:00:13 ; elapsed = 00:00:14 . Memory (MB): peak = 2579.805 ; gain = 63.945 ; free physical = 3253 ; free virtual = 10019
---------------------------------------------------------------------------------
---------------------------------------------------------------------------------
Start Loading Part and Timing Information
---------------------------------------------------------------------------------
Loading part: xc7z020clg400-2
---------------------------------------------------------------------------------
Finished Loading Part and Timing Information : Time (s): cpu = 00:00:13 ; elapsed = 00:00:14 . Memory (MB): peak = 2579.805 ; gain = 63.945 ; free physical = 3253 ; free virtual = 10019
---------------------------------------------------------------------------------
---------------------------------------------------------------------------------
Start Applying 'set_property' XDC Constraints
---------------------------------------------------------------------------------
---------------------------------------------------------------------------------
Finished applying 'set_property' XDC Constraints : Time (s): cpu = 00:00:13 ; elapsed = 00:00:14 . Memory (MB): peak = 2579.805 ; gain = 63.945 ; free physical = 3253 ; free virtual = 10019
---------------------------------------------------------------------------------
---------------------------------------------------------------------------------
Finished RTL Optimization Phase 2 : Time (s): cpu = 00:00:14 ; elapsed = 00:00:15 . Memory (MB): peak = 2579.805 ; gain = 63.945 ; free physical = 3202 ; free virtual = 9969
---------------------------------------------------------------------------------
---------------------------------------------------------------------------------
Start RTL Component Statistics 
---------------------------------------------------------------------------------
Detailed RTL Component Info : 
+---Adders : 
	   2 Input    5 Bit       Adders := 2     
+---Registers : 
	               32 Bit    Registers := 5     
	               11 Bit    Registers := 2     
	                5 Bit    Registers := 2     
	                1 Bit    Registers := 14    
+---Muxes : 
	   2 Input   32 Bit        Muxes := 3     
	   3 Input   32 Bit        Muxes := 1     
	   6 Input   32 Bit        Muxes := 1     
	   2 Input    5 Bit        Muxes := 4     
	   6 Input    3 Bit        Muxes := 1     
	   2 Input    1 Bit        Muxes := 21    
---------------------------------------------------------------------------------
Finished RTL Component Statistics 
---------------------------------------------------------------------------------
---------------------------------------------------------------------------------
Start Part Resource Summary
---------------------------------------------------------------------------------
Part Resources:
DSPs: 220 (col length:60)
BRAMs: 280 (col length: RAMB18 60 RAMB36 30)
---------------------------------------------------------------------------------
Finished Part Resource Summary
---------------------------------------------------------------------------------
---------------------------------------------------------------------------------
Start Cross Boundary and Area Optimization
---------------------------------------------------------------------------------
---------------------------------------------------------------------------------
Finished Cross Boundary and Area Optimization : Time (s): cpu = 00:00:16 ; elapsed = 00:00:16 . Memory (MB): peak = 2579.805 ; gain = 63.945 ; free physical = 3103 ; free virtual = 9874
---------------------------------------------------------------------------------
---------------------------------------------------------------------------------
Start Applying XDC Timing Constraints
---------------------------------------------------------------------------------
---------------------------------------------------------------------------------
Finished Applying XDC Timing Constraints : Time (s): cpu = 00:00:21 ; elapsed = 00:00:22 . Memory (MB): peak = 2579.805 ; gain = 63.945 ; free physical = 2749 ; free virtual = 9525
---------------------------------------------------------------------------------
---------------------------------------------------------------------------------
Start Timing Optimization
---------------------------------------------------------------------------------
---------------------------------------------------------------------------------
Finished Timing Optimization : Time (s): cpu = 00:00:21 ; elapsed = 00:00:22 . Memory (MB): peak = 2579.805 ; gain = 63.945 ; free physical = 2749 ; free virtual = 9525
---------------------------------------------------------------------------------
---------------------------------------------------------------------------------
Start Technology Mapping
---------------------------------------------------------------------------------
---------------------------------------------------------------------------------
Finished Technology Mapping : Time (s): cpu = 00:00:21 ; elapsed = 00:00:22 . Memory (MB): peak = 2579.805 ; gain = 63.945 ; free physical = 2722 ; free virtual = 9497
---------------------------------------------------------------------------------
---------------------------------------------------------------------------------
Start IO Insertion
---------------------------------------------------------------------------------
---------------------------------------------------------------------------------
Start Flattening Before IO Insertion
---------------------------------------------------------------------------------
---------------------------------------------------------------------------------
Finished Flattening Before IO Insertion
---------------------------------------------------------------------------------
---------------------------------------------------------------------------------
Start Final Netlist Cleanup
---------------------------------------------------------------------------------
---------------------------------------------------------------------------------
Finished Final Netlist Cleanup
---------------------------------------------------------------------------------
---------------------------------------------------------------------------------
Finished IO Insertion : Time (s): cpu = 00:00:25 ; elapsed = 00:00:25 . Memory (MB): peak = 2579.805 ; gain = 63.945 ; free physical = 2879 ; free virtual = 9655
---------------------------------------------------------------------------------
---------------------------------------------------------------------------------
Start Renaming Generated Instances
---------------------------------------------------------------------------------
---------------------------------------------------------------------------------
Finished Renaming Generated Instances : Time (s): cpu = 00:00:25 ; elapsed = 00:00:25 . Memory (MB): peak = 2579.805 ; gain = 63.945 ; free physical = 2879 ; free virtual = 9655
---------------------------------------------------------------------------------
---------------------------------------------------------------------------------
Start Rebuilding User Hierarchy
---------------------------------------------------------------------------------
---------------------------------------------------------------------------------
Finished Rebuilding User Hierarchy : Time (s): cpu = 00:00:25 ; elapsed = 00:00:25 . Memory (MB): peak = 2579.805 ; gain = 63.945 ; free physical = 2879 ; free virtual = 9655
---------------------------------------------------------------------------------
---------------------------------------------------------------------------------
Start Renaming Generated Ports
---------------------------------------------------------------------------------
---------------------------------------------------------------------------------
Finished Renaming Generated Ports : Time (s): cpu = 00:00:25 ; elapsed = 00:00:25 . Memory (MB): peak = 2579.805 ; gain = 63.945 ; free physical = 2879 ; free virtual = 9655
---------------------------------------------------------------------------------
---------------------------------------------------------------------------------
Start Handling Custom Attributes
---------------------------------------------------------------------------------
---------------------------------------------------------------------------------
Finished Handling Custom Attributes : Time (s): cpu = 00:00:25 ; elapsed = 00:00:25 . Memory (MB): peak = 2579.805 ; gain = 63.945 ; free physical = 2879 ; free virtual = 9655
---------------------------------------------------------------------------------
---------------------------------------------------------------------------------
Start Renaming Generated Nets
---------------------------------------------------------------------------------
---------------------------------------------------------------------------------
Finished Renaming Generated Nets : Time (s): cpu = 00:00:25 ; elapsed = 00:00:25 . Memory (MB): peak = 2579.805 ; gain = 63.945 ; free physical = 2879 ; free virtual = 9655
---------------------------------------------------------------------------------
---------------------------------------------------------------------------------
Start Writing Synthesis Report
---------------------------------------------------------------------------------

Report BlackBoxes: 
+-+--------------+----------+
| |BlackBox name |Instances |
+-+--------------+----------+
+-+--------------+----------+

Report Cell Usage: 
+------+-----+------+
|      |Cell |Count |
+------+-----+------+
|1     |LUT1 |     1|
|2     |LUT2 |     5|
|3     |LUT3 |     5|
|4     |LUT4 |    42|
|5     |LUT5 |     5|
|6     |LUT6 |    63|
|7     |FDRE |   204|
|8     |FDSE |     2|
+------+-----+------+
---------------------------------------------------------------------------------
Finished Writing Synthesis Report : Time (s): cpu = 00:00:25 ; elapsed = 00:00:25 . Memory (MB): peak = 2579.805 ; gain = 63.945 ; free physical = 2879 ; free virtual = 9655
---------------------------------------------------------------------------------
Synthesis finished with 0 errors, 0 critical warnings and 0 warnings.
Synthesis Optimization Runtime : Time (s): cpu = 00:00:22 ; elapsed = 00:00:23 . Memory (MB): peak = 2579.805 ; gain = 0.000 ; free physical = 2893 ; free virtual = 9669
Synthesis Optimization Complete : Time (s): cpu = 00:00:25 ; elapsed = 00:00:26 . Memory (MB): peak = 2579.805 ; gain = 63.945 ; free physical = 2893 ; free virtual = 9669
INFO: [Project 1-571] Translating synthesized netlist
Netlist sorting complete. Time (s): cpu = 00:00:00.01 ; elapsed = 00:00:00.01 . Memory (MB): peak = 2579.805 ; gain = 0.000 ; free physical = 2960 ; free virtual = 9736
INFO: [Project 1-570] Preparing netlist for logic optimization
INFO: [Opt 31-138] Pushed 0 inverter(s) to 0 load pin(s).
Netlist sorting complete. Time (s): cpu = 00:00:00 ; elapsed = 00:00:00 . Memory (MB): peak = 2579.805 ; gain = 0.000 ; free physical = 3069 ; free virtual = 9845
INFO: [Project 1-111] Unisim Transformation Summary:
No Unisim elements were transformed.

Synth Design complete, checksum: 2ccc5c9a
INFO: [Common 17-83] Releasing license: Synthesis
21 Infos, 1 Warnings, 0 Critical Warnings and 0 Errors encountered.
synth_design completed successfully
synth_design: Time (s): cpu = 00:00:38 ; elapsed = 00:00:30 . Memory (MB): peak = 2579.805 ; gain = 64.031 ; free physical = 3152 ; free virtual = 9929
INFO: [Common 17-1381] The checkpoint '/home/dator2/Documents/antsdr_standalone/hdl/projects/antsdre200/antsdre200.runs/system_axi_sysid_0_0_synth_1/system_axi_sysid_0_0.dcp' has been generated.
INFO: [Coretcl 2-1648] Added synthesis output to IP cache for IP system_axi_sysid_0_0, cache-ID = c5b00576e6130b87
INFO: [Coretcl 2-1174] Renamed 2 cell refs.
INFO: [Common 17-1381] The checkpoint '/home/dator2/Documents/antsdr_standalone/hdl/projects/antsdre200/antsdre200.runs/system_axi_sysid_0_0_synth_1/system_axi_sysid_0_0.dcp' has been generated.
INFO: [runtcl-4] Executing : report_utilization -file system_axi_sysid_0_0_utilization_synth.rpt -pb system_axi_sysid_0_0_utilization_synth.pb
INFO: [Common 17-206] Exiting Vivado at Fri Jun 13 14:06:51 2025...
