08:19:52 INFO  : Platform repository initialization has completed.
08:19:52 INFO  : Launching XSCT server: xsct -n  -interactive /home/dator2/Documents/antsdr_standalone/hdl/projects/antsdre200/antsdre200.sdk/temp_xsdb_launch_script.tcl
08:19:52 INFO  : Registering command handlers for Vitis TCF services
08:19:55 INFO  : XSCT server has started successfully.
08:19:55 INFO  : plnx-install-location is set to ''
08:19:55 INFO  : Successfully done setting XSCT server connection channel  
08:19:55 INFO  : Successfully done query RDI_DATADIR 
08:19:55 INFO  : Successfully done setting workspace for the tool. 
08:28:11 INFO  : Result from executing command 'getProjects': system_top
08:28:11 INFO  : Result from executing command 'getPlatforms': 
08:28:11 WARN  : An unexpected exception occurred in the module 'platform project logging'
08:28:11 INFO  : Platform 'system_top' is added to custom repositories.
08:28:17 INFO  : Platform 'system_top' is added to custom repositories.
08:32:36 INFO  : Result from executing command 'getProjects': system_top
08:32:36 INFO  : Result from executing command 'getPlatforms': system_top|/home/dator2/Documents/antsdr_standalone/hdl/projects/antsdre200/antsdre200.sdk/system_top/export/system_top/system_top.xpfm
08:32:39 INFO  : Checking for BSP changes to sync application flags for project 'app'...
08:37:49 INFO  : Connected to target on host '127.0.0.1' and port '3121'.
08:38:07 INFO  : ----------------XSDB Script----------------
connect -url tcp:127.0.0.1:3121
----------------End of Script----------------

08:38:07 ERROR : Could not find ARM device on the board for connection 'Local'.
Check if the target is in:
1. Split JTAG - No operations are possible with ARM DAP.
2. Non JTAG bootmode - Bootrom may need time to enable DAP.
Please try again.


Troubleshooting hints:
1. Check whether board is connected to system properly.
2. In case of zynq board, check whether Digilent/Xilinx cable switch settings are correct.
3. If you are using Xilinx Platform Cable USB, ensure that status LED is green.
08:45:13 INFO  : Connected to target on host '127.0.0.1' and port '3121'.
08:45:31 INFO  : ----------------XSDB Script----------------
connect -url tcp:127.0.0.1:3121
----------------End of Script----------------

08:45:31 ERROR : Could not find ARM device on the board for connection 'Local'.
Check if the target is in:
1. Split JTAG - No operations are possible with ARM DAP.
2. Non JTAG bootmode - Bootrom may need time to enable DAP.
Please try again.


Troubleshooting hints:
1. Check whether board is connected to system properly.
2. In case of zynq board, check whether Digilent/Xilinx cable switch settings are correct.
3. If you are using Xilinx Platform Cable USB, ensure that status LED is green.
08:46:31 INFO  : Connected to target on host '127.0.0.1' and port '3121'.
08:46:49 INFO  : ----------------XSDB Script----------------
connect -url tcp:127.0.0.1:3121
----------------End of Script----------------

08:46:49 ERROR : Could not find ARM device on the board for connection 'Local'.
Check if the target is in:
1. Split JTAG - No operations are possible with ARM DAP.
2. Non JTAG bootmode - Bootrom may need time to enable DAP.
Please try again.


Troubleshooting hints:
1. Check whether board is connected to system properly.
2. In case of zynq board, check whether Digilent/Xilinx cable switch settings are correct.
3. If you are using Xilinx Platform Cable USB, ensure that status LED is green.
12:36:26 INFO  : Launching XSCT server: xsct -n  -interactive /home/dator2/Documents/antsdr_standalone/hdl/projects/antsdre200/antsdre200.sdk/temp_xsdb_launch_script.tcl
12:36:27 INFO  : Platform repository initialization has completed.
12:36:28 INFO  : Registering command handlers for Vitis TCF services
12:36:29 INFO  : XSCT server has started successfully.
12:36:29 INFO  : plnx-install-location is set to ''
12:36:29 INFO  : Successfully done setting XSCT server connection channel  
12:36:29 INFO  : Successfully done query RDI_DATADIR 
12:36:29 INFO  : Successfully done setting workspace for the tool. 
08:41:30 INFO  : Connected to target on host '127.0.0.1' and port '3121'.
08:41:39 INFO  : ----------------XSDB Script----------------
connect -url tcp:127.0.0.1:3121
----------------End of Script----------------

08:41:39 ERROR : Could not find ARM device on the board for connection 'Local'.
Check if the target is in:
1. Split JTAG - No operations are possible with ARM DAP.
2. Non JTAG bootmode - Bootrom may need time to enable DAP.
Please try again.


Troubleshooting hints:
1. Check whether board is connected to system properly.
2. In case of zynq board, check whether Digilent/Xilinx cable switch settings are correct.
3. If you are using Xilinx Platform Cable USB, ensure that status LED is green.
08:44:05 INFO  : Connected to target on host '127.0.0.1' and port '3121'.
08:44:14 INFO  : ----------------XSDB Script----------------
connect -url tcp:127.0.0.1:3121
----------------End of Script----------------

08:44:14 ERROR : Could not find ARM device on the board for connection 'Local'.
Check if the target is in:
1. Split JTAG - No operations are possible with ARM DAP.
2. Non JTAG bootmode - Bootrom may need time to enable DAP.
Please try again.


Troubleshooting hints:
1. Check whether board is connected to system properly.
2. In case of zynq board, check whether Digilent/Xilinx cable switch settings are correct.
3. If you are using Xilinx Platform Cable USB, ensure that status LED is green.
08:47:00 INFO  : Connected to target on host '127.0.0.1' and port '3121'.
08:47:00 INFO  : Jtag cable 'Platform Cable USB II 00001baac93601' is selected.
08:47:00 INFO  : 'jtag frequency' command is executed.
08:47:00 INFO  : Context for 'APU' is selected.
08:47:00 INFO  : System reset is completed.
08:47:03 INFO  : 'after 3000' command is executed.
08:47:03 INFO  : 'targets -set -filter {jtag_cable_name =~ "Platform Cable USB II 00001baac93601" && level==0 && jtag_device_ctx=="jsn-DLC10-00001baac93601-23727093-0"}' command is executed.
08:47:11 ERROR : fpga configuration failed. DONE PIN is not HIGH
08:47:11 ERROR : Exception occured while running Program Device.
java.lang.RuntimeException: fpga configuration failed. DONE PIN is not HIGH
08:47:11 INFO  : ----------------XSDB Script----------------
connect -url tcp:127.0.0.1:3121
targets -set -nocase -filter {name =~"APU*"}
rst -system
after 3000
----------------End of Script----------------

08:47:11 ERROR : fpga configuration failed. DONE PIN is not HIGH
08:48:25 INFO  : Connected to target on host '127.0.0.1' and port '3121'.
08:48:25 INFO  : Jtag cable 'Platform Cable USB II 00001baac93601' is selected.
08:48:25 INFO  : 'jtag frequency' command is executed.
08:48:25 INFO  : Context for 'APU' is selected.
08:48:26 INFO  : System reset is completed.
08:48:29 INFO  : 'after 3000' command is executed.
08:48:29 INFO  : 'targets -set -filter {jtag_cable_name =~ "Platform Cable USB II 00001baac93601" && level==0 && jtag_device_ctx=="jsn-DLC10-00001baac93601-23727093-0"}' command is executed.
08:48:37 ERROR : fpga configuration failed. DONE PIN is not HIGH
08:48:37 ERROR : Exception occured while running Program Device.
java.lang.RuntimeException: fpga configuration failed. DONE PIN is not HIGH
08:48:37 INFO  : ----------------XSDB Script----------------
connect -url tcp:127.0.0.1:3121
targets -set -nocase -filter {name =~"APU*"}
rst -system
after 3000
----------------End of Script----------------

08:48:37 ERROR : fpga configuration failed. DONE PIN is not HIGH
08:49:08 INFO  : Connected to target on host '127.0.0.1' and port '3121'.
08:49:08 INFO  : Jtag cable 'Platform Cable USB II 00001baac93601' is selected.
08:49:08 INFO  : 'jtag frequency' command is executed.
08:49:08 INFO  : Context for 'APU' is selected.
08:49:08 INFO  : System reset is completed.
08:49:11 INFO  : 'after 3000' command is executed.
08:49:11 INFO  : 'targets -set -filter {jtag_cable_name =~ "Platform Cable USB II 00001baac93601" && level==0 && jtag_device_ctx=="jsn-DLC10-00001baac93601-23727093-0"}' command is executed.
08:49:18 INFO  : Device configured successfully with "/home/dator2/Documents/antsdr_standalone/hdl/projects/antsdre200/antsdre200.sdk/app/_ide/bitstream/system_top.bit"
08:49:18 INFO  : Context for 'APU' is selected.
08:49:18 INFO  : Hardware design and registers information is loaded from '/home/dator2/Documents/antsdr_standalone/hdl/projects/antsdre200/antsdre200.sdk/system_top/export/system_top/hw/system_top.xsa'.
08:49:18 INFO  : 'configparams force-mem-access 1' command is executed.
08:49:18 INFO  : Context for 'APU' is selected.
08:49:18 INFO  : Sourcing of '/home/dator2/Documents/antsdr_standalone/hdl/projects/antsdre200/antsdre200.sdk/app/_ide/psinit/ps7_init.tcl' is done.
08:49:19 INFO  : 'ps7_init' command is executed.
08:49:19 INFO  : 'ps7_post_config' command is executed.
08:49:19 INFO  : Context for processor 'ps7_cortexa9_0' is selected.
08:49:19 ERROR : Memory write error at 0x100000. MMU page translation fault
08:49:19 INFO  : ----------------XSDB Script----------------
connect -url tcp:127.0.0.1:3121
targets -set -nocase -filter {name =~"APU*"}
rst -system
after 3000
targets -set -filter {jtag_cable_name =~ "Platform Cable USB II 00001baac93601" && level==0 && jtag_device_ctx=="jsn-DLC10-00001baac93601-23727093-0"}
fpga -file /home/dator2/Documents/antsdr_standalone/hdl/projects/antsdre200/antsdre200.sdk/app/_ide/bitstream/system_top.bit
targets -set -nocase -filter {name =~"APU*"}
loadhw -hw /home/dator2/Documents/antsdr_standalone/hdl/projects/antsdre200/antsdre200.sdk/system_top/export/system_top/hw/system_top.xsa -mem-ranges [list {0x40000000 0xbfffffff}] -regs
configparams force-mem-access 1
targets -set -nocase -filter {name =~"APU*"}
source /home/dator2/Documents/antsdr_standalone/hdl/projects/antsdre200/antsdre200.sdk/app/_ide/psinit/ps7_init.tcl
ps7_init
ps7_post_config
targets -set -nocase -filter {name =~ "*A9*#0"}
dow /home/dator2/Documents/antsdr_standalone/hdl/projects/antsdre200/antsdre200.sdk/app/Debug/app.elf
----------------End of Script----------------

08:49:19 ERROR : Memory write error at 0x100000. MMU page translation fault
10:41:58 INFO  : Launching XSCT server: xsct -n  -interactive /home/dator2/Documents/antsdr_standalone/hdl/projects/antsdre200/antsdre200.sdk/temp_xsdb_launch_script.tcl
10:41:59 INFO  : Platform repository initialization has completed.
10:42:00 INFO  : Registering command handlers for Vitis TCF services
10:42:02 INFO  : XSCT server has started successfully.
10:42:02 INFO  : plnx-install-location is set to ''
10:42:02 INFO  : Successfully done setting XSCT server connection channel  
10:42:02 INFO  : Successfully done query RDI_DATADIR 
10:42:02 INFO  : Successfully done setting workspace for the tool. 
10:42:46 INFO  : Result from executing command 'getProjects': system_top
10:42:46 INFO  : Result from executing command 'getPlatforms': system_top|/home/dator2/Documents/antsdr_standalone/hdl/projects/antsdre200/antsdre200.sdk/system_top/export/system_top/system_top.xpfm
10:42:49 INFO  : Checking for BSP changes to sync application flags for project 'app'...
10:51:15 INFO  : Connected to target on host '127.0.0.1' and port '3121'.
10:51:33 INFO  : ----------------XSDB Script----------------
connect -url tcp:127.0.0.1:3121
----------------End of Script----------------

10:51:33 ERROR : Could not find ARM device on the board for connection 'Local'.
Check if the target is in:
1. Split JTAG - No operations are possible with ARM DAP.
2. Non JTAG bootmode - Bootrom may need time to enable DAP.
Please try again.


Troubleshooting hints:
1. Check whether board is connected to system properly.
2. In case of zynq board, check whether Digilent/Xilinx cable switch settings are correct.
3. If you are using Xilinx Platform Cable USB, ensure that status LED is green.
10:51:58 INFO  : Connected to target on host '127.0.0.1' and port '3121'.
10:52:16 INFO  : ----------------XSDB Script----------------
connect -url tcp:127.0.0.1:3121
----------------End of Script----------------

10:52:16 ERROR : Could not find ARM device on the board for connection 'Local'.
Check if the target is in:
1. Split JTAG - No operations are possible with ARM DAP.
2. Non JTAG bootmode - Bootrom may need time to enable DAP.
Please try again.


Troubleshooting hints:
1. Check whether board is connected to system properly.
2. In case of zynq board, check whether Digilent/Xilinx cable switch settings are correct.
3. If you are using Xilinx Platform Cable USB, ensure that status LED is green.
11:00:05 INFO  : Connected to target on host '127.0.0.1' and port '3121'.
11:00:05 INFO  : Jtag cable 'Platform Cable USB II 00001baac93601' is selected.
11:00:05 INFO  : 'jtag frequency' command is executed.
11:00:05 INFO  : Context for 'APU' is selected.
11:00:05 INFO  : System reset is completed.
11:00:08 INFO  : 'after 3000' command is executed.
11:00:08 INFO  : 'targets -set -filter {jtag_cable_name =~ "Platform Cable USB II 00001baac93601" && level==0 && jtag_device_ctx=="jsn-DLC10-00001baac93601-23727093-0"}' command is executed.
11:00:15 INFO  : Device configured successfully with "/home/dator2/Documents/antsdr_standalone/hdl/projects/antsdre200/antsdre200.sdk/app/_ide/bitstream/system_top.bit"
11:00:15 INFO  : Context for 'APU' is selected.
11:00:15 INFO  : Hardware design and registers information is loaded from '/home/dator2/Documents/antsdr_standalone/hdl/projects/antsdre200/antsdre200.sdk/system_top/export/system_top/hw/system_top.xsa'.
11:00:15 INFO  : 'configparams force-mem-access 1' command is executed.
11:00:15 INFO  : Context for 'APU' is selected.
11:00:15 INFO  : Sourcing of '/home/dator2/Documents/antsdr_standalone/hdl/projects/antsdre200/antsdre200.sdk/app/_ide/psinit/ps7_init.tcl' is done.
11:00:16 INFO  : 'ps7_init' command is executed.
11:00:16 INFO  : 'ps7_post_config' command is executed.
11:00:16 INFO  : Context for processor 'ps7_cortexa9_0' is selected.
11:00:21 INFO  : The application '/home/dator2/Documents/antsdr_standalone/hdl/projects/antsdre200/antsdre200.sdk/app/Debug/app.elf' is downloaded to processor 'ps7_cortexa9_0'.
11:00:22 INFO  : 'configparams force-mem-access 0' command is executed.
11:00:22 INFO  : ----------------XSDB Script----------------
connect -url tcp:127.0.0.1:3121
targets -set -nocase -filter {name =~"APU*"}
rst -system
after 3000
targets -set -filter {jtag_cable_name =~ "Platform Cable USB II 00001baac93601" && level==0 && jtag_device_ctx=="jsn-DLC10-00001baac93601-23727093-0"}
fpga -file /home/dator2/Documents/antsdr_standalone/hdl/projects/antsdre200/antsdre200.sdk/app/_ide/bitstream/system_top.bit
targets -set -nocase -filter {name =~"APU*"}
loadhw -hw /home/dator2/Documents/antsdr_standalone/hdl/projects/antsdre200/antsdre200.sdk/system_top/export/system_top/hw/system_top.xsa -mem-ranges [list {0x40000000 0xbfffffff}] -regs
configparams force-mem-access 1
targets -set -nocase -filter {name =~"APU*"}
source /home/dator2/Documents/antsdr_standalone/hdl/projects/antsdre200/antsdre200.sdk/app/_ide/psinit/ps7_init.tcl
ps7_init
ps7_post_config
targets -set -nocase -filter {name =~ "*A9*#0"}
dow /home/dator2/Documents/antsdr_standalone/hdl/projects/antsdre200/antsdre200.sdk/app/Debug/app.elf
configparams force-mem-access 0
----------------End of Script----------------

11:00:22 INFO  : Context for processor 'ps7_cortexa9_0' is selected.
11:00:22 INFO  : 'con' command is executed.
11:00:22 INFO  : ----------------XSDB Script (After Launch)----------------
targets -set -nocase -filter {name =~ "*A9*#0"}
con
----------------End of Script----------------

11:00:22 INFO  : Launch script is exported to file '/home/dator2/Documents/antsdr_standalone/hdl/projects/antsdre200/antsdre200.sdk/app_system/_ide/scripts/debugger_app-default.tcl'
12:14:09 INFO  : Disconnected from the channel tcfchan#2.
12:14:10 INFO  : Connected to target on host '127.0.0.1' and port '3121'.
12:14:28 INFO  : ----------------XSDB Script----------------
connect -url tcp:127.0.0.1:3121
----------------End of Script----------------

12:14:28 ERROR : Could not find ARM device on the board for connection 'Local'.
Check if the target is in:
1. Split JTAG - No operations are possible with ARM DAP.
2. Non JTAG bootmode - Bootrom may need time to enable DAP.
Please try again.


Troubleshooting hints:
1. Check whether board is connected to system properly.
2. In case of zynq board, check whether Digilent/Xilinx cable switch settings are correct.
3. If you are using Xilinx Platform Cable USB, ensure that status LED is green.
