
*** Running vivado
    with args -log system_axi_hp2_interconnect_0.vds -m64 -product Vivado -mode batch -messageDb vivado.pb -notrace -source system_axi_hp2_interconnect_0.tcl


****** Vivado v2021.1 (64-bit)
  **** SW Build 3247384 on Thu Jun 10 19:36:07 MDT 2021
  **** IP Build 3246043 on Fri Jun 11 00:30:35 MDT 2021
    ** Copyright 1986-2021 Xilinx, Inc. All Rights Reserved.

source system_axi_hp2_interconnect_0.tcl -notrace
INFO: [IP_Flow 19-234] Refreshing IP repositories
INFO: [IP_Flow 19-1700] Loaded user IP repository '/home/dator2/Documents/antsdr_standalone/hdl/library'.
WARNING: [IP_Flow 19-2248] Failed to load user IP repository '/home/dator2/Documents/antsdr_standalone/ghdl/library'; Can't find the specified path.
If this directory should no longer be in your list of user repositories, go to the IP Settings dialog and remove it.
INFO: [IP_Flow 19-2313] Loaded Vivado IP repository '/tools/Xilinx/Vivado/2021.1/data/ip'.
Command: synth_design -top system_axi_hp2_interconnect_0 -part xc7z020clg400-2 -mode out_of_context
Starting synth_design
Attempting to get a license for feature 'Synthesis' and/or device 'xc7z020'
INFO: [Common 17-349] Got license for feature 'Synthesis' and/or device 'xc7z020'
INFO: [Device 21-403] Loading part xc7z020clg400-2
INFO: [Synth 8-7079] Multithreading enabled for synth_design using a maximum of 4 processes.
INFO: [Synth 8-7078] Launching helper process for spawning children vivado processes
INFO: [Synth 8-7075] Helper process launched with PID 25992
---------------------------------------------------------------------------------
Starting RTL Elaboration : Time (s): cpu = 00:00:04 ; elapsed = 00:00:04 . Memory (MB): peak = 2515.855 ; gain = 0.000 ; free physical = 1834 ; free virtual = 9038
---------------------------------------------------------------------------------
INFO: [Synth 8-6157] synthesizing module 'system_axi_hp2_interconnect_0' [/home/dator2/Documents/antsdr_standalone/hdl/projects/antsdre200/antsdre200.gen/sources_1/bd/system/ip/system_axi_hp2_interconnect_0/synth/system_axi_hp2_interconnect_0.v:57]
INFO: [Synth 8-6157] synthesizing module 'bd_c0fd' [/home/dator2/Documents/antsdr_standalone/hdl/projects/antsdre200/antsdre200.gen/sources_1/bd/system/ip/system_axi_hp2_interconnect_0/bd_0/synth/bd_c0fd.v:10]
INFO: [Synth 8-6157] synthesizing module 'clk_map_imp_QEY4IV' [/home/dator2/Documents/antsdr_standalone/hdl/projects/antsdre200/antsdre200.gen/sources_1/bd/system/ip/system_axi_hp2_interconnect_0/bd_0/synth/bd_c0fd.v:367]
INFO: [Synth 8-6157] synthesizing module 'bd_c0fd_one_0' [/home/dator2/Documents/antsdr_standalone/hdl/projects/antsdre200/antsdre200.gen/sources_1/bd/system/ip/system_axi_hp2_interconnect_0/bd_0/ip/ip_0/synth/bd_c0fd_one_0.v:57]
INFO: [Synth 8-6157] synthesizing module 'xlconstant_v1_1_7_xlconstant' [/home/dator2/Documents/antsdr_standalone/hdl/projects/antsdre200/antsdre200.gen/sources_1/bd/system/ipshared/fcfc/hdl/xlconstant_v1_1_vl_rfs.v:23]
INFO: [Synth 8-6155] done synthesizing module 'xlconstant_v1_1_7_xlconstant' (1#1) [/home/dator2/Documents/antsdr_standalone/hdl/projects/antsdre200/antsdre200.gen/sources_1/bd/system/ipshared/fcfc/hdl/xlconstant_v1_1_vl_rfs.v:23]
INFO: [Synth 8-6155] done synthesizing module 'bd_c0fd_one_0' (2#1) [/home/dator2/Documents/antsdr_standalone/hdl/projects/antsdre200/antsdre200.gen/sources_1/bd/system/ip/system_axi_hp2_interconnect_0/bd_0/ip/ip_0/synth/bd_c0fd_one_0.v:57]
INFO: [Synth 8-638] synthesizing module 'bd_c0fd_psr_aclk_0' [/home/dator2/Documents/antsdr_standalone/hdl/projects/antsdre200/antsdre200.gen/sources_1/bd/system/ip/system_axi_hp2_interconnect_0/bd_0/ip/ip_1/synth/bd_c0fd_psr_aclk_0.vhd:74]
	Parameter C_FAMILY bound to: zynq - type: string 
	Parameter C_EXT_RST_WIDTH bound to: 4 - type: integer 
	Parameter C_AUX_RST_WIDTH bound to: 1 - type: integer 
	Parameter C_EXT_RESET_HIGH bound to: 1'b0 
	Parameter C_AUX_RESET_HIGH bound to: 1'b0 
	Parameter C_NUM_BUS_RST bound to: 1 - type: integer 
	Parameter C_NUM_PERP_RST bound to: 1 - type: integer 
	Parameter C_NUM_INTERCONNECT_ARESETN bound to: 1 - type: integer 
	Parameter C_NUM_PERP_ARESETN bound to: 1 - type: integer 
INFO: [Synth 8-3491] module 'proc_sys_reset' declared at '/home/dator2/Documents/antsdr_standalone/hdl/projects/antsdre200/antsdre200.gen/sources_1/bd/system/ipshared/8842/hdl/proc_sys_reset_v5_0_vh_rfs.vhd:1264' bound to instance 'U0' of component 'proc_sys_reset' [/home/dator2/Documents/antsdr_standalone/hdl/projects/antsdre200/antsdre200.gen/sources_1/bd/system/ip/system_axi_hp2_interconnect_0/bd_0/ip/ip_1/synth/bd_c0fd_psr_aclk_0.vhd:129]
INFO: [Synth 8-638] synthesizing module 'proc_sys_reset' [/home/dator2/Documents/antsdr_standalone/hdl/projects/antsdre200/antsdre200.gen/sources_1/bd/system/ipshared/8842/hdl/proc_sys_reset_v5_0_vh_rfs.vhd:1323]
	Parameter INIT bound to: 1'b1 
INFO: [Synth 8-113] binding component instance 'FDRE_inst' to cell 'FDRE' [/home/dator2/Documents/antsdr_standalone/hdl/projects/antsdre200/antsdre200.gen/sources_1/bd/system/ipshared/8842/hdl/proc_sys_reset_v5_0_vh_rfs.vhd:1392]
	Parameter INIT bound to: 1'b1 
INFO: [Synth 8-113] binding component instance 'FDRE_BSR' to cell 'FDRE' [/home/dator2/Documents/antsdr_standalone/hdl/projects/antsdre200/antsdre200.gen/sources_1/bd/system/ipshared/8842/hdl/proc_sys_reset_v5_0_vh_rfs.vhd:1408]
	Parameter INIT bound to: 1'b0 
INFO: [Synth 8-113] binding component instance 'FDRE_BSR_N' to cell 'FDRE' [/home/dator2/Documents/antsdr_standalone/hdl/projects/antsdre200/antsdre200.gen/sources_1/bd/system/ipshared/8842/hdl/proc_sys_reset_v5_0_vh_rfs.vhd:1434]
	Parameter INIT bound to: 1'b1 
INFO: [Synth 8-113] binding component instance 'FDRE_PER' to cell 'FDRE' [/home/dator2/Documents/antsdr_standalone/hdl/projects/antsdre200/antsdre200.gen/sources_1/bd/system/ipshared/8842/hdl/proc_sys_reset_v5_0_vh_rfs.vhd:1457]
	Parameter INIT bound to: 1'b0 
INFO: [Synth 8-113] binding component instance 'FDRE_PER_N' to cell 'FDRE' [/home/dator2/Documents/antsdr_standalone/hdl/projects/antsdre200/antsdre200.gen/sources_1/bd/system/ipshared/8842/hdl/proc_sys_reset_v5_0_vh_rfs.vhd:1481]
INFO: [Synth 8-638] synthesizing module 'lpf' [/home/dator2/Documents/antsdr_standalone/hdl/projects/antsdre200/antsdre200.gen/sources_1/bd/system/ipshared/8842/hdl/proc_sys_reset_v5_0_vh_rfs.vhd:816]
INFO: [Synth 8-3491] module 'SRL16' declared at '/tools/Xilinx/Vivado/2021.1/scripts/rt/data/unisim_comp.v:100945' bound to instance 'POR_SRL_I' of component 'SRL16' [/home/dator2/Documents/antsdr_standalone/hdl/projects/antsdre200/antsdre200.gen/sources_1/bd/system/ipshared/8842/hdl/proc_sys_reset_v5_0_vh_rfs.vhd:868]
INFO: [Synth 8-6157] synthesizing module 'SRL16' [/tools/Xilinx/Vivado/2021.1/scripts/rt/data/unisim_comp.v:100945]
INFO: [Synth 8-6155] done synthesizing module 'SRL16' (3#1) [/tools/Xilinx/Vivado/2021.1/scripts/rt/data/unisim_comp.v:100945]
INFO: [Synth 8-638] synthesizing module 'cdc_sync' [/home/dator2/Documents/antsdr_standalone/hdl/projects/antsdre200/antsdre200.gen/sources_1/bd/system/ipshared/ef1e/hdl/lib_cdc_v1_0_rfs.vhd:106]
	Parameter INIT bound to: 1'b0 
INFO: [Synth 8-113] binding component instance 'CROSS_PLEVEL_IN2SCNDRY_IN_cdc_to' to cell 'FDR' [/home/dator2/Documents/antsdr_standalone/hdl/projects/antsdre200/antsdre200.gen/sources_1/bd/system/ipshared/ef1e/hdl/lib_cdc_v1_0_rfs.vhd:514]
	Parameter INIT bound to: 1'b0 
INFO: [Synth 8-113] binding component instance 'CROSS_PLEVEL_IN2SCNDRY_s_level_out_d2' to cell 'FDR' [/home/dator2/Documents/antsdr_standalone/hdl/projects/antsdre200/antsdre200.gen/sources_1/bd/system/ipshared/ef1e/hdl/lib_cdc_v1_0_rfs.vhd:545]
	Parameter INIT bound to: 1'b0 
INFO: [Synth 8-113] binding component instance 'CROSS_PLEVEL_IN2SCNDRY_s_level_out_d3' to cell 'FDR' [/home/dator2/Documents/antsdr_standalone/hdl/projects/antsdre200/antsdre200.gen/sources_1/bd/system/ipshared/ef1e/hdl/lib_cdc_v1_0_rfs.vhd:554]
	Parameter INIT bound to: 1'b0 
INFO: [Synth 8-113] binding component instance 'CROSS_PLEVEL_IN2SCNDRY_s_level_out_d4' to cell 'FDR' [/home/dator2/Documents/antsdr_standalone/hdl/projects/antsdre200/antsdre200.gen/sources_1/bd/system/ipshared/ef1e/hdl/lib_cdc_v1_0_rfs.vhd:564]
	Parameter INIT bound to: 1'b0 
INFO: [Synth 8-113] binding component instance 'CROSS_PLEVEL_IN2SCNDRY_s_level_out_d5' to cell 'FDR' [/home/dator2/Documents/antsdr_standalone/hdl/projects/antsdre200/antsdre200.gen/sources_1/bd/system/ipshared/ef1e/hdl/lib_cdc_v1_0_rfs.vhd:574]
	Parameter INIT bound to: 1'b0 
INFO: [Synth 8-113] binding component instance 'CROSS_PLEVEL_IN2SCNDRY_s_level_out_d6' to cell 'FDR' [/home/dator2/Documents/antsdr_standalone/hdl/projects/antsdre200/antsdre200.gen/sources_1/bd/system/ipshared/ef1e/hdl/lib_cdc_v1_0_rfs.vhd:584]
INFO: [Synth 8-256] done synthesizing module 'cdc_sync' (4#1) [/home/dator2/Documents/antsdr_standalone/hdl/projects/antsdre200/antsdre200.gen/sources_1/bd/system/ipshared/ef1e/hdl/lib_cdc_v1_0_rfs.vhd:106]
INFO: [Synth 8-256] done synthesizing module 'lpf' (5#1) [/home/dator2/Documents/antsdr_standalone/hdl/projects/antsdre200/antsdre200.gen/sources_1/bd/system/ipshared/8842/hdl/proc_sys_reset_v5_0_vh_rfs.vhd:816]
INFO: [Synth 8-638] synthesizing module 'sequence_psr' [/home/dator2/Documents/antsdr_standalone/hdl/projects/antsdre200/antsdre200.gen/sources_1/bd/system/ipshared/8842/hdl/proc_sys_reset_v5_0_vh_rfs.vhd:301]
INFO: [Synth 8-638] synthesizing module 'upcnt_n' [/home/dator2/Documents/antsdr_standalone/hdl/projects/antsdre200/antsdre200.gen/sources_1/bd/system/ipshared/8842/hdl/proc_sys_reset_v5_0_vh_rfs.vhd:125]
INFO: [Synth 8-256] done synthesizing module 'upcnt_n' (6#1) [/home/dator2/Documents/antsdr_standalone/hdl/projects/antsdre200/antsdre200.gen/sources_1/bd/system/ipshared/8842/hdl/proc_sys_reset_v5_0_vh_rfs.vhd:125]
INFO: [Synth 8-256] done synthesizing module 'sequence_psr' (7#1) [/home/dator2/Documents/antsdr_standalone/hdl/projects/antsdre200/antsdre200.gen/sources_1/bd/system/ipshared/8842/hdl/proc_sys_reset_v5_0_vh_rfs.vhd:301]
INFO: [Synth 8-256] done synthesizing module 'proc_sys_reset' (8#1) [/home/dator2/Documents/antsdr_standalone/hdl/projects/antsdre200/antsdre200.gen/sources_1/bd/system/ipshared/8842/hdl/proc_sys_reset_v5_0_vh_rfs.vhd:1323]
INFO: [Synth 8-256] done synthesizing module 'bd_c0fd_psr_aclk_0' (9#1) [/home/dator2/Documents/antsdr_standalone/hdl/projects/antsdre200/antsdre200.gen/sources_1/bd/system/ip/system_axi_hp2_interconnect_0/bd_0/ip/ip_1/synth/bd_c0fd_psr_aclk_0.vhd:74]
WARNING: [Synth 8-7071] port 'mb_reset' of module 'bd_c0fd_psr_aclk_0' is unconnected for instance 'psr_aclk' [/home/dator2/Documents/antsdr_standalone/hdl/projects/antsdre200/antsdre200.gen/sources_1/bd/system/ip/system_axi_hp2_interconnect_0/bd_0/synth/bd_c0fd.v:402]
WARNING: [Synth 8-7071] port 'bus_struct_reset' of module 'bd_c0fd_psr_aclk_0' is unconnected for instance 'psr_aclk' [/home/dator2/Documents/antsdr_standalone/hdl/projects/antsdre200/antsdre200.gen/sources_1/bd/system/ip/system_axi_hp2_interconnect_0/bd_0/synth/bd_c0fd.v:402]
WARNING: [Synth 8-7071] port 'peripheral_reset' of module 'bd_c0fd_psr_aclk_0' is unconnected for instance 'psr_aclk' [/home/dator2/Documents/antsdr_standalone/hdl/projects/antsdre200/antsdre200.gen/sources_1/bd/system/ip/system_axi_hp2_interconnect_0/bd_0/synth/bd_c0fd.v:402]
WARNING: [Synth 8-7071] port 'peripheral_aresetn' of module 'bd_c0fd_psr_aclk_0' is unconnected for instance 'psr_aclk' [/home/dator2/Documents/antsdr_standalone/hdl/projects/antsdre200/antsdre200.gen/sources_1/bd/system/ip/system_axi_hp2_interconnect_0/bd_0/synth/bd_c0fd.v:402]
WARNING: [Synth 8-7023] instance 'psr_aclk' of module 'bd_c0fd_psr_aclk_0' has 10 connections declared, but only 6 given [/home/dator2/Documents/antsdr_standalone/hdl/projects/antsdre200/antsdre200.gen/sources_1/bd/system/ip/system_axi_hp2_interconnect_0/bd_0/synth/bd_c0fd.v:402]
INFO: [Synth 8-6155] done synthesizing module 'clk_map_imp_QEY4IV' (10#1) [/home/dator2/Documents/antsdr_standalone/hdl/projects/antsdre200/antsdre200.gen/sources_1/bd/system/ip/system_axi_hp2_interconnect_0/bd_0/synth/bd_c0fd.v:367]
INFO: [Synth 8-6157] synthesizing module 'm00_exit_pipeline_imp_1AI8LVG' [/home/dator2/Documents/antsdr_standalone/hdl/projects/antsdre200/antsdre200.gen/sources_1/bd/system/ip/system_axi_hp2_interconnect_0/bd_0/synth/bd_c0fd.v:411]
INFO: [Synth 8-6157] synthesizing module 'bd_c0fd_m00e_0' [/home/dator2/Documents/antsdr_standalone/hdl/projects/antsdre200/antsdre200.gen/sources_1/bd/system/ip/system_axi_hp2_interconnect_0/bd_0/ip/ip_9/synth/bd_c0fd_m00e_0.sv:58]
INFO: [Synth 8-6157] synthesizing module 'xpm_cdc_async_rst' [/tools/Xilinx/Vivado/2021.1/data/ip/xpm/xpm_cdc/hdl/xpm_cdc.sv:1175]
INFO: [Synth 8-6155] done synthesizing module 'xpm_cdc_async_rst' (11#1) [/tools/Xilinx/Vivado/2021.1/data/ip/xpm/xpm_cdc/hdl/xpm_cdc.sv:1175]
INFO: [Synth 8-6155] done synthesizing module 'bd_c0fd_m00e_0' (21#1) [/home/dator2/Documents/antsdr_standalone/hdl/projects/antsdre200/antsdre200.gen/sources_1/bd/system/ip/system_axi_hp2_interconnect_0/bd_0/ip/ip_9/synth/bd_c0fd_m00e_0.sv:58]
INFO: [Synth 8-6155] done synthesizing module 'm00_exit_pipeline_imp_1AI8LVG' (22#1) [/home/dator2/Documents/antsdr_standalone/hdl/projects/antsdre200/antsdre200.gen/sources_1/bd/system/ip/system_axi_hp2_interconnect_0/bd_0/synth/bd_c0fd.v:411]
INFO: [Synth 8-6157] synthesizing module 'bd_c0fd_m00s2a_0' [/home/dator2/Documents/antsdr_standalone/hdl/projects/antsdre200/antsdre200.gen/sources_1/bd/system/ip/system_axi_hp2_interconnect_0/bd_0/ip/ip_8/synth/bd_c0fd_m00s2a_0.sv:58]
INFO: [Synth 8-6155] done synthesizing module 'bd_c0fd_m00s2a_0' (24#1) [/home/dator2/Documents/antsdr_standalone/hdl/projects/antsdre200/antsdre200.gen/sources_1/bd/system/ip/system_axi_hp2_interconnect_0/bd_0/ip/ip_8/synth/bd_c0fd_m00s2a_0.sv:58]
INFO: [Synth 8-6157] synthesizing module 'bd_c0fd_s00a2s_0' [/home/dator2/Documents/antsdr_standalone/hdl/projects/antsdre200/antsdre200.gen/sources_1/bd/system/ip/system_axi_hp2_interconnect_0/bd_0/ip/ip_5/synth/bd_c0fd_s00a2s_0.sv:58]
INFO: [Synth 8-6155] done synthesizing module 'bd_c0fd_s00a2s_0' (26#1) [/home/dator2/Documents/antsdr_standalone/hdl/projects/antsdre200/antsdre200.gen/sources_1/bd/system/ip/system_axi_hp2_interconnect_0/bd_0/ip/ip_5/synth/bd_c0fd_s00a2s_0.sv:58]
INFO: [Synth 8-6157] synthesizing module 's00_entry_pipeline_imp_A6NOOV' [/home/dator2/Documents/antsdr_standalone/hdl/projects/antsdre200/antsdre200.gen/sources_1/bd/system/ip/system_axi_hp2_interconnect_0/bd_0/synth/bd_c0fd.v:587]
INFO: [Synth 8-6157] synthesizing module 'bd_c0fd_s00mmu_0' [/home/dator2/Documents/antsdr_standalone/hdl/projects/antsdre200/antsdre200.gen/sources_1/bd/system/ip/system_axi_hp2_interconnect_0/bd_0/ip/ip_2/synth/bd_c0fd_s00mmu_0.sv:58]
INFO: [Synth 8-6155] done synthesizing module 'bd_c0fd_s00mmu_0' (30#1) [/home/dator2/Documents/antsdr_standalone/hdl/projects/antsdre200/antsdre200.gen/sources_1/bd/system/ip/system_axi_hp2_interconnect_0/bd_0/ip/ip_2/synth/bd_c0fd_s00mmu_0.sv:58]
INFO: [Synth 8-6157] synthesizing module 'bd_c0fd_s00sic_0' [/home/dator2/Documents/antsdr_standalone/hdl/projects/antsdre200/antsdre200.gen/sources_1/bd/system/ip/system_axi_hp2_interconnect_0/bd_0/ip/ip_4/synth/bd_c0fd_s00sic_0.sv:58]
INFO: [Synth 8-6155] done synthesizing module 'bd_c0fd_s00sic_0' (35#1) [/home/dator2/Documents/antsdr_standalone/hdl/projects/antsdre200/antsdre200.gen/sources_1/bd/system/ip/system_axi_hp2_interconnect_0/bd_0/ip/ip_4/synth/bd_c0fd_s00sic_0.sv:58]
INFO: [Synth 8-6157] synthesizing module 'bd_c0fd_s00tr_0' [/home/dator2/Documents/antsdr_standalone/hdl/projects/antsdre200/antsdre200.gen/sources_1/bd/system/ip/system_axi_hp2_interconnect_0/bd_0/ip/ip_3/synth/bd_c0fd_s00tr_0.sv:58]
INFO: [Synth 8-6155] done synthesizing module 'bd_c0fd_s00tr_0' (38#1) [/home/dator2/Documents/antsdr_standalone/hdl/projects/antsdre200/antsdre200.gen/sources_1/bd/system/ip/system_axi_hp2_interconnect_0/bd_0/ip/ip_3/synth/bd_c0fd_s00tr_0.sv:58]
INFO: [Synth 8-6155] done synthesizing module 's00_entry_pipeline_imp_A6NOOV' (39#1) [/home/dator2/Documents/antsdr_standalone/hdl/projects/antsdre200/antsdre200.gen/sources_1/bd/system/ip/system_axi_hp2_interconnect_0/bd_0/synth/bd_c0fd.v:587]
INFO: [Synth 8-6157] synthesizing module 's00_nodes_imp_DLXCPX' [/home/dator2/Documents/antsdr_standalone/hdl/projects/antsdre200/antsdre200.gen/sources_1/bd/system/ip/system_axi_hp2_interconnect_0/bd_0/synth/bd_c0fd.v:877]
INFO: [Synth 8-6157] synthesizing module 'bd_c0fd_sarn_0' [/home/dator2/Documents/antsdr_standalone/hdl/projects/antsdre200/antsdre200.gen/sources_1/bd/system/ip/system_axi_hp2_interconnect_0/bd_0/ip/ip_6/synth/bd_c0fd_sarn_0.sv:58]
INFO: [Synth 8-6157] synthesizing module 'xpm_memory_sdpram' [/tools/Xilinx/Vivado/2021.1/data/ip/xpm/xpm_memory/hdl/xpm_memory.sv:8435]
INFO: [Synth 8-6157] synthesizing module 'xpm_memory_base' [/tools/Xilinx/Vivado/2021.1/data/ip/xpm/xpm_memory/hdl/xpm_memory.sv:57]
INFO: [Synth 8-6155] done synthesizing module 'xpm_memory_base' (44#1) [/tools/Xilinx/Vivado/2021.1/data/ip/xpm/xpm_memory/hdl/xpm_memory.sv:57]
INFO: [Synth 8-6155] done synthesizing module 'xpm_memory_sdpram' (45#1) [/tools/Xilinx/Vivado/2021.1/data/ip/xpm/xpm_memory/hdl/xpm_memory.sv:8435]
INFO: [Synth 8-6155] done synthesizing module 'bd_c0fd_sarn_0' (54#1) [/home/dator2/Documents/antsdr_standalone/hdl/projects/antsdre200/antsdre200.gen/sources_1/bd/system/ip/system_axi_hp2_interconnect_0/bd_0/ip/ip_6/synth/bd_c0fd_sarn_0.sv:58]
INFO: [Synth 8-6157] synthesizing module 'bd_c0fd_srn_0' [/home/dator2/Documents/antsdr_standalone/hdl/projects/antsdre200/antsdre200.gen/sources_1/bd/system/ip/system_axi_hp2_interconnect_0/bd_0/ip/ip_7/synth/bd_c0fd_srn_0.sv:58]
INFO: [Synth 8-6157] synthesizing module 'xpm_memory_sdpram__parameterized0' [/tools/Xilinx/Vivado/2021.1/data/ip/xpm/xpm_memory/hdl/xpm_memory.sv:8435]
INFO: [Synth 8-6157] synthesizing module 'xpm_memory_base__parameterized0' [/tools/Xilinx/Vivado/2021.1/data/ip/xpm/xpm_memory/hdl/xpm_memory.sv:57]
INFO: [Synth 8-6155] done synthesizing module 'xpm_memory_base__parameterized0' (54#1) [/tools/Xilinx/Vivado/2021.1/data/ip/xpm/xpm_memory/hdl/xpm_memory.sv:57]
INFO: [Synth 8-6155] done synthesizing module 'xpm_memory_sdpram__parameterized0' (54#1) [/tools/Xilinx/Vivado/2021.1/data/ip/xpm/xpm_memory/hdl/xpm_memory.sv:8435]
INFO: [Synth 8-6155] done synthesizing module 'bd_c0fd_srn_0' (55#1) [/home/dator2/Documents/antsdr_standalone/hdl/projects/antsdre200/antsdre200.gen/sources_1/bd/system/ip/system_axi_hp2_interconnect_0/bd_0/ip/ip_7/synth/bd_c0fd_srn_0.sv:58]
INFO: [Synth 8-6155] done synthesizing module 's00_nodes_imp_DLXCPX' (56#1) [/home/dator2/Documents/antsdr_standalone/hdl/projects/antsdre200/antsdre200.gen/sources_1/bd/system/ip/system_axi_hp2_interconnect_0/bd_0/synth/bd_c0fd.v:877]
INFO: [Synth 8-6155] done synthesizing module 'bd_c0fd' (57#1) [/home/dator2/Documents/antsdr_standalone/hdl/projects/antsdre200/antsdre200.gen/sources_1/bd/system/ip/system_axi_hp2_interconnect_0/bd_0/synth/bd_c0fd.v:10]
INFO: [Synth 8-6155] done synthesizing module 'system_axi_hp2_interconnect_0' (58#1) [/home/dator2/Documents/antsdr_standalone/hdl/projects/antsdre200/antsdre200.gen/sources_1/bd/system/ip/system_axi_hp2_interconnect_0/synth/system_axi_hp2_interconnect_0.v:57]
---------------------------------------------------------------------------------
Finished RTL Elaboration : Time (s): cpu = 00:00:09 ; elapsed = 00:00:09 . Memory (MB): peak = 2515.855 ; gain = 0.000 ; free physical = 1996 ; free virtual = 9328
---------------------------------------------------------------------------------
---------------------------------------------------------------------------------
Start Handling Custom Attributes
---------------------------------------------------------------------------------
---------------------------------------------------------------------------------
Finished Handling Custom Attributes : Time (s): cpu = 00:00:10 ; elapsed = 00:00:11 . Memory (MB): peak = 2515.855 ; gain = 0.000 ; free physical = 2971 ; free virtual = 10296
---------------------------------------------------------------------------------
---------------------------------------------------------------------------------
Finished RTL Optimization Phase 1 : Time (s): cpu = 00:00:10 ; elapsed = 00:00:11 . Memory (MB): peak = 2515.855 ; gain = 0.000 ; free physical = 2971 ; free virtual = 10296
---------------------------------------------------------------------------------
Netlist sorting complete. Time (s): cpu = 00:00:01 ; elapsed = 00:00:01 . Memory (MB): peak = 2515.855 ; gain = 0.000 ; free physical = 2031 ; free virtual = 9388
INFO: [Netlist 29-17] Analyzing 13 Unisim elements for replacement
INFO: [Netlist 29-28] Unisim Transformation completed in 0 CPU seconds
INFO: [Project 1-570] Preparing netlist for logic optimization

Processing XDC Constraints
Initializing timing engine
Parsing XDC File [/home/dator2/Documents/antsdr_standalone/hdl/projects/antsdre200/antsdre200.gen/sources_1/bd/system/ip/system_axi_hp2_interconnect_0/ooc.xdc] for cell 'inst'
Finished Parsing XDC File [/home/dator2/Documents/antsdr_standalone/hdl/projects/antsdre200/antsdre200.gen/sources_1/bd/system/ip/system_axi_hp2_interconnect_0/ooc.xdc] for cell 'inst'
Parsing XDC File [/home/dator2/Documents/antsdr_standalone/hdl/projects/antsdre200/antsdre200.gen/sources_1/bd/system/ip/system_axi_hp2_interconnect_0/bd_0/ip/ip_1/bd_c0fd_psr_aclk_0_board.xdc] for cell 'inst/clk_map/psr_aclk/U0'
Finished Parsing XDC File [/home/dator2/Documents/antsdr_standalone/hdl/projects/antsdre200/antsdre200.gen/sources_1/bd/system/ip/system_axi_hp2_interconnect_0/bd_0/ip/ip_1/bd_c0fd_psr_aclk_0_board.xdc] for cell 'inst/clk_map/psr_aclk/U0'
Parsing XDC File [/home/dator2/Documents/antsdr_standalone/hdl/projects/antsdre200/antsdre200.gen/sources_1/bd/system/ip/system_axi_hp2_interconnect_0/bd_0/ip/ip_1/bd_c0fd_psr_aclk_0.xdc] for cell 'inst/clk_map/psr_aclk/U0'
Finished Parsing XDC File [/home/dator2/Documents/antsdr_standalone/hdl/projects/antsdre200/antsdre200.gen/sources_1/bd/system/ip/system_axi_hp2_interconnect_0/bd_0/ip/ip_1/bd_c0fd_psr_aclk_0.xdc] for cell 'inst/clk_map/psr_aclk/U0'
Parsing XDC File [/home/dator2/Documents/antsdr_standalone/hdl/projects/antsdre200/antsdre200.runs/system_axi_hp2_interconnect_0_synth_1/dont_touch.xdc]
Finished Parsing XDC File [/home/dator2/Documents/antsdr_standalone/hdl/projects/antsdre200/antsdre200.runs/system_axi_hp2_interconnect_0_synth_1/dont_touch.xdc]
WARNING: [Vivado 12-180] No cells matched 'get_cells -hier -filter {PRIMITIVE_SUBGROUP==LUTRAM || PRIMITIVE_SUBGROUP==dram || PRIMITIVE_SUBGROUP==uram || PRIMITIVE_SUBGROUP==BRAM}'. [/tools/Xilinx/Vivado/2021.1/data/ip/xpm/xpm_memory/tcl/xpm_memory_xdc.tcl:3]
WARNING: [Vivado 12-180] No cells matched 'get_cells -hier -filter {PRIMITIVE_SUBGROUP==LUTRAM || PRIMITIVE_SUBGROUP==dram || PRIMITIVE_SUBGROUP==uram || PRIMITIVE_SUBGROUP==BRAM}'. [/tools/Xilinx/Vivado/2021.1/data/ip/xpm/xpm_memory/tcl/xpm_memory_xdc.tcl:3]
INFO: [Project 1-236] Implementation specific constraints were found while reading constraint file [/tools/Xilinx/Vivado/2021.1/data/ip/xpm/xpm_memory/tcl/xpm_memory_xdc.tcl]. These constraints will be ignored for synthesis but will be used in implementation. Impacted constraints are listed in the file [.Xil/system_axi_hp2_interconnect_0_propImpl.xdc].
Resolution: To avoid this warning, move constraints listed in [.Xil/system_axi_hp2_interconnect_0_propImpl.xdc] to another XDC file and exclude this new file from synthesis with the used_in_synthesis property (File Properties dialog in GUI) and re-run elaboration/synthesis.
INFO: [Project 1-1714] 10 XPM XDC files have been applied to the design.
Completed Processing XDC Constraints

Netlist sorting complete. Time (s): cpu = 00:00:00.01 ; elapsed = 00:00:00 . Memory (MB): peak = 2722.457 ; gain = 0.000 ; free physical = 2395 ; free virtual = 9744
INFO: [Project 1-111] Unisim Transformation Summary:
  A total of 13 instances were transformed.
  FDR => FDRE: 12 instances
  SRL16 => SRL16E: 1 instance 

Constraint Validation Runtime : Time (s): cpu = 00:00:00.51 ; elapsed = 00:00:00.23 . Memory (MB): peak = 2734.363 ; gain = 11.906 ; free physical = 2375 ; free virtual = 9721
---------------------------------------------------------------------------------
Finished Constraint Validation : Time (s): cpu = 00:00:27 ; elapsed = 00:00:27 . Memory (MB): peak = 2734.363 ; gain = 218.508 ; free physical = 2410 ; free virtual = 9778
---------------------------------------------------------------------------------
---------------------------------------------------------------------------------
Start Loading Part and Timing Information
---------------------------------------------------------------------------------
Loading part: xc7z020clg400-2
---------------------------------------------------------------------------------
Finished Loading Part and Timing Information : Time (s): cpu = 00:00:27 ; elapsed = 00:00:27 . Memory (MB): peak = 2734.363 ; gain = 218.508 ; free physical = 2410 ; free virtual = 9778
---------------------------------------------------------------------------------
---------------------------------------------------------------------------------
Start Applying 'set_property' XDC Constraints
---------------------------------------------------------------------------------
Applied set_property KEEP_HIERARCHY = SOFT for inst. (constraint file  /home/dator2/Documents/antsdr_standalone/hdl/projects/antsdre200/antsdre200.runs/system_axi_hp2_interconnect_0_synth_1/dont_touch.xdc, line 56).
Applied set_property KEEP_HIERARCHY = SOFT for inst/s00_nodes/s00_ar_node/inst/m_sc_xpm_cdc_async_rst_inst. (constraint file  auto generated constraint).
Applied set_property KEEP_HIERARCHY = SOFT for inst/s00_nodes/s00_r_node/inst/m_sc_xpm_cdc_async_rst_inst. (constraint file  auto generated constraint).
Applied set_property KEEP_HIERARCHY = SOFT for inst/s00_nodes/s00_ar_node/inst/s_sc_xpm_cdc_async_rst_inst. (constraint file  auto generated constraint).
Applied set_property KEEP_HIERARCHY = SOFT for inst/s00_nodes/s00_r_node/inst/s_sc_xpm_cdc_async_rst_inst. (constraint file  auto generated constraint).
Applied set_property KEEP_HIERARCHY = SOFT for inst/m00_exit_pipeline/m00_exit/inst/xpm_cdc_async_rst_inst. (constraint file  auto generated constraint).
Applied set_property KEEP_HIERARCHY = SOFT for inst/s00_entry_pipeline/s00_mmu/inst/xpm_cdc_async_rst_inst. (constraint file  auto generated constraint).
Applied set_property KEEP_HIERARCHY = SOFT for inst/s00_entry_pipeline/s00_si_converter/inst/xpm_cdc_async_rst_inst. (constraint file  auto generated constraint).
Applied set_property KEEP_HIERARCHY = SOFT for inst/s00_entry_pipeline/s00_transaction_regulator/inst/xpm_cdc_async_rst_inst. (constraint file  auto generated constraint).
Applied set_property KEEP_HIERARCHY = SOFT for inst/s00_nodes/s00_ar_node/inst/\gen_normal.inst_mi_handler /\gen_normal_area.inst_fifo_node_payld /\gen_xpm_memory_fifo.inst_fifo /\gen_mem_rep[0].inst_xpm_memory . (constraint file  auto generated constraint).
Applied set_property KEEP_HIERARCHY = SOFT for inst/s00_nodes/s00_r_node/inst/\gen_normal.inst_mi_handler /\gen_normal_area.inst_fifo_node_payld /\gen_xpm_memory_fifo.inst_fifo /\gen_mem_rep[0].inst_xpm_memory . (constraint file  auto generated constraint).
---------------------------------------------------------------------------------
Finished applying 'set_property' XDC Constraints : Time (s): cpu = 00:00:27 ; elapsed = 00:00:27 . Memory (MB): peak = 2734.363 ; gain = 218.508 ; free physical = 2410 ; free virtual = 9779
---------------------------------------------------------------------------------
INFO: [Synth 8-4490] FSM extraction disabled for register 'gen_pipelined.state_reg' through user attribute
INFO: [Synth 8-4490] FSM extraction disabled for register 'gen_pipelined.state_reg' through user attribute
INFO: [Synth 8-4490] FSM extraction disabled for register 'gen_pipelined.state_reg' through user attribute
INFO: [Synth 8-4490] FSM extraction disabled for register 'gen_pipelined.state_reg' through user attribute
INFO: [Synth 8-4490] FSM extraction disabled for register 'gen_pipelined.state_reg' through user attribute
INFO: [Synth 8-802] inferred FSM for state register 'gen_axi.gen_write.write_cs_reg' in module 'sc_mmu_v1_0_10_decerr_slave'
INFO: [Synth 8-4490] FSM extraction disabled for register 'gen_pipelined.state_reg' through user attribute
INFO: [Synth 8-4490] FSM extraction disabled for register 'gen_pipelined.state_reg' through user attribute
INFO: [Synth 8-4490] FSM extraction disabled for register 'gen_pipelined.state_reg' through user attribute
INFO: [Synth 8-4490] FSM extraction disabled for register 'gen_pipelined.state_reg' through user attribute
---------------------------------------------------------------------------------------------------
                   State |                     New Encoding |                Previous Encoding 
---------------------------------------------------------------------------------------------------
            P_WRITE_IDLE |                              001 |                               00
            P_WRITE_DATA |                              010 |                               01
            P_WRITE_RESP |                              100 |                               10
---------------------------------------------------------------------------------------------------
INFO: [Synth 8-3354] encoded FSM with state register 'gen_axi.gen_write.write_cs_reg' using encoding 'one-hot' in module 'sc_mmu_v1_0_10_decerr_slave'
---------------------------------------------------------------------------------
Finished RTL Optimization Phase 2 : Time (s): cpu = 00:00:31 ; elapsed = 00:00:31 . Memory (MB): peak = 2734.363 ; gain = 218.508 ; free physical = 2341 ; free virtual = 9712
---------------------------------------------------------------------------------
---------------------------------------------------------------------------------
Start RTL Component Statistics 
---------------------------------------------------------------------------------
Detailed RTL Component Info : 
+---Adders : 
	   2 Input   32 Bit       Adders := 2     
	   2 Input    8 Bit       Adders := 11    
	   3 Input    8 Bit       Adders := 2     
	   2 Input    7 Bit       Adders := 4     
	   2 Input    6 Bit       Adders := 13    
	   3 Input    6 Bit       Adders := 2     
	   2 Input    5 Bit       Adders := 7     
	   3 Input    5 Bit       Adders := 2     
	   4 Input    5 Bit       Adders := 2     
	   2 Input    4 Bit       Adders := 18    
	   3 Input    4 Bit       Adders := 2     
	   2 Input    3 Bit       Adders := 4     
	   3 Input    1 Bit       Adders := 1     
+---XORs : 
	   2 Input      1 Bit         XORs := 22    
+---Registers : 
	             2178 Bit    Registers := 8     
	              512 Bit    Registers := 2     
	              155 Bit    Registers := 1     
	              144 Bit    Registers := 1     
	              102 Bit    Registers := 1     
	               76 Bit    Registers := 2     
	               64 Bit    Registers := 7     
	               47 Bit    Registers := 1     
	               33 Bit    Registers := 1     
	               22 Bit    Registers := 1     
	               18 Bit    Registers := 1     
	               16 Bit    Registers := 2     
	               14 Bit    Registers := 1     
	               12 Bit    Registers := 2     
	                9 Bit    Registers := 1     
	                8 Bit    Registers := 21    
	                7 Bit    Registers := 4     
	                6 Bit    Registers := 7     
	                5 Bit    Registers := 9     
	                4 Bit    Registers := 21    
	                3 Bit    Registers := 28    
	                2 Bit    Registers := 4     
	                1 Bit    Registers := 139   
+---Muxes : 
	   2 Input 2178 Bit        Muxes := 6     
	   2 Input  512 Bit        Muxes := 2     
	   2 Input   76 Bit        Muxes := 1     
	   2 Input   64 Bit        Muxes := 15    
	   2 Input   47 Bit        Muxes := 1     
	   2 Input   33 Bit        Muxes := 1     
	   2 Input   32 Bit        Muxes := 6     
	   2 Input   29 Bit        Muxes := 4     
	   2 Input   22 Bit        Muxes := 1     
	   2 Input   18 Bit        Muxes := 1     
	   2 Input   14 Bit        Muxes := 1     
	   2 Input   12 Bit        Muxes := 2     
	   2 Input    9 Bit        Muxes := 1     
	   2 Input    8 Bit        Muxes := 66    
	   4 Input    8 Bit        Muxes := 6     
	   3 Input    8 Bit        Muxes := 1     
	   2 Input    7 Bit        Muxes := 16    
	   4 Input    7 Bit        Muxes := 8     
	   2 Input    6 Bit        Muxes := 3     
	   2 Input    5 Bit        Muxes := 6     
	   2 Input    4 Bit        Muxes := 16    
	   4 Input    4 Bit        Muxes := 2     
	   4 Input    3 Bit        Muxes := 14    
	  11 Input    3 Bit        Muxes := 12    
	   2 Input    3 Bit        Muxes := 19    
	   5 Input    3 Bit        Muxes := 1     
	   2 Input    2 Bit        Muxes := 27    
	   3 Input    2 Bit        Muxes := 1     
	   2 Input    1 Bit        Muxes := 185   
	   6 Input    1 Bit        Muxes := 68    
	  12 Input    1 Bit        Muxes := 12    
	   5 Input    1 Bit        Muxes := 20    
	   3 Input    1 Bit        Muxes := 12    
	   4 Input    1 Bit        Muxes := 11    
	  10 Input    1 Bit        Muxes := 6     
	   7 Input    1 Bit        Muxes := 4     
---------------------------------------------------------------------------------
Finished RTL Component Statistics 
---------------------------------------------------------------------------------
---------------------------------------------------------------------------------
Start Part Resource Summary
---------------------------------------------------------------------------------
Part Resources:
DSPs: 220 (col length:60)
BRAMs: 280 (col length: RAMB18 60 RAMB36 30)
---------------------------------------------------------------------------------
Finished Part Resource Summary
---------------------------------------------------------------------------------
---------------------------------------------------------------------------------
Start Cross Boundary and Area Optimization
---------------------------------------------------------------------------------
---------------------------------------------------------------------------------
Finished Cross Boundary and Area Optimization : Time (s): cpu = 00:00:43 ; elapsed = 00:00:44 . Memory (MB): peak = 2734.363 ; gain = 218.508 ; free physical = 3249 ; free virtual = 10629
---------------------------------------------------------------------------------
---------------------------------------------------------------------------------
Start ROM, RAM, DSP, Shift Register and Retiming Reporting
---------------------------------------------------------------------------------

Distributed RAM: Preliminary Mapping Report (see note below)
+--------------------------------------------------------------------------------------------------------------------------------------------------------------------------------------+----------------------------------+----------------+----------------------+--------------+
|Module Name                                                                                                                                                                           | RTL Object                       | Inference      | Size (Depth x Width) | Primitives   | 
+--------------------------------------------------------------------------------------------------------------------------------------------------------------------------------------+----------------------------------+----------------+----------------------+--------------+
|inst/\s00_nodes/s00_ar_node/inst /\gen_normal.inst_mi_handler/gen_normal_area.inst_fifo_node_payld/gen_xpm_memory_fifo.inst_fifo/gen_mem_rep[0].inst_xpm_memory /xpm_memory_base_inst | gen_wr_a.gen_word_narrow.mem_reg | User Attribute | 32 x 155             | RAM32M x 26  | 
|inst/\s00_nodes/s00_r_node/inst /\gen_normal.inst_mi_handler/gen_normal_area.inst_fifo_node_payld/gen_xpm_memory_fifo.inst_fifo/gen_mem_rep[0].inst_xpm_memory /xpm_memory_base_inst  | gen_wr_a.gen_word_narrow.mem_reg | User Attribute | 32 x 102             | RAM32M x 17  | 
+--------------------------------------------------------------------------------------------------------------------------------------------------------------------------------------+----------------------------------+----------------+----------------------+--------------+

Note: The table above is a preliminary report that shows the Distributed RAMs at the current stage of the synthesis flow. Some Distributed RAMs may be reimplemented as non Distributed RAM primitives later in the synthesis flow. Multiple instantiated RAMs are reported only once.
---------------------------------------------------------------------------------
Finished ROM, RAM, DSP, Shift Register and Retiming Reporting
---------------------------------------------------------------------------------
---------------------------------------------------------------------------------
Start Applying XDC Timing Constraints
---------------------------------------------------------------------------------
---------------------------------------------------------------------------------
Finished Applying XDC Timing Constraints : Time (s): cpu = 00:00:50 ; elapsed = 00:00:51 . Memory (MB): peak = 2734.363 ; gain = 218.508 ; free physical = 2367 ; free virtual = 9844
---------------------------------------------------------------------------------
---------------------------------------------------------------------------------
Start Timing Optimization
---------------------------------------------------------------------------------
---------------------------------------------------------------------------------
Finished Timing Optimization : Time (s): cpu = 00:00:52 ; elapsed = 00:00:53 . Memory (MB): peak = 2734.363 ; gain = 218.508 ; free physical = 1711 ; free virtual = 9186
---------------------------------------------------------------------------------
---------------------------------------------------------------------------------
Start ROM, RAM, DSP, Shift Register and Retiming Reporting
---------------------------------------------------------------------------------

Distributed RAM: Final Mapping Report
+--------------------------------------------------------------------------------------------------------------------------------------------------------------------------------------+----------------------------------+----------------+----------------------+--------------+
|Module Name                                                                                                                                                                           | RTL Object                       | Inference      | Size (Depth x Width) | Primitives   | 
+--------------------------------------------------------------------------------------------------------------------------------------------------------------------------------------+----------------------------------+----------------+----------------------+--------------+
|inst/\s00_nodes/s00_ar_node/inst /\gen_normal.inst_mi_handler/gen_normal_area.inst_fifo_node_payld/gen_xpm_memory_fifo.inst_fifo/gen_mem_rep[0].inst_xpm_memory /xpm_memory_base_inst | gen_wr_a.gen_word_narrow.mem_reg | User Attribute | 32 x 155             | RAM32M x 26  | 
|inst/\s00_nodes/s00_r_node/inst /\gen_normal.inst_mi_handler/gen_normal_area.inst_fifo_node_payld/gen_xpm_memory_fifo.inst_fifo/gen_mem_rep[0].inst_xpm_memory /xpm_memory_base_inst  | gen_wr_a.gen_word_narrow.mem_reg | User Attribute | 32 x 102             | RAM32M x 17  | 
+--------------------------------------------------------------------------------------------------------------------------------------------------------------------------------------+----------------------------------+----------------+----------------------+--------------+

---------------------------------------------------------------------------------
Finished ROM, RAM, DSP, Shift Register and Retiming Reporting
---------------------------------------------------------------------------------
---------------------------------------------------------------------------------
Start Technology Mapping
---------------------------------------------------------------------------------
---------------------------------------------------------------------------------
Finished Technology Mapping : Time (s): cpu = 00:00:53 ; elapsed = 00:00:54 . Memory (MB): peak = 2734.363 ; gain = 218.508 ; free physical = 2549 ; free virtual = 10022
---------------------------------------------------------------------------------
---------------------------------------------------------------------------------
Start IO Insertion
---------------------------------------------------------------------------------
---------------------------------------------------------------------------------
Start Flattening Before IO Insertion
---------------------------------------------------------------------------------
---------------------------------------------------------------------------------
Finished Flattening Before IO Insertion
---------------------------------------------------------------------------------
---------------------------------------------------------------------------------
Start Final Netlist Cleanup
---------------------------------------------------------------------------------
---------------------------------------------------------------------------------
Finished Final Netlist Cleanup
---------------------------------------------------------------------------------
---------------------------------------------------------------------------------
Finished IO Insertion : Time (s): cpu = 00:00:56 ; elapsed = 00:00:58 . Memory (MB): peak = 2734.363 ; gain = 218.508 ; free physical = 2326 ; free virtual = 9799
---------------------------------------------------------------------------------
---------------------------------------------------------------------------------
Start Renaming Generated Instances
---------------------------------------------------------------------------------
---------------------------------------------------------------------------------
Finished Renaming Generated Instances : Time (s): cpu = 00:00:56 ; elapsed = 00:00:58 . Memory (MB): peak = 2734.363 ; gain = 218.508 ; free physical = 2324 ; free virtual = 9797
---------------------------------------------------------------------------------
---------------------------------------------------------------------------------
Start Rebuilding User Hierarchy
---------------------------------------------------------------------------------
---------------------------------------------------------------------------------
Finished Rebuilding User Hierarchy : Time (s): cpu = 00:00:56 ; elapsed = 00:00:58 . Memory (MB): peak = 2734.363 ; gain = 218.508 ; free physical = 2305 ; free virtual = 9782
---------------------------------------------------------------------------------
---------------------------------------------------------------------------------
Start Renaming Generated Ports
---------------------------------------------------------------------------------
---------------------------------------------------------------------------------
Finished Renaming Generated Ports : Time (s): cpu = 00:00:56 ; elapsed = 00:00:58 . Memory (MB): peak = 2734.363 ; gain = 218.508 ; free physical = 2301 ; free virtual = 9774
---------------------------------------------------------------------------------
---------------------------------------------------------------------------------
Start Handling Custom Attributes
---------------------------------------------------------------------------------
---------------------------------------------------------------------------------
Finished Handling Custom Attributes : Time (s): cpu = 00:00:56 ; elapsed = 00:00:58 . Memory (MB): peak = 2734.363 ; gain = 218.508 ; free physical = 2301 ; free virtual = 9774
---------------------------------------------------------------------------------
---------------------------------------------------------------------------------
Start Renaming Generated Nets
---------------------------------------------------------------------------------
---------------------------------------------------------------------------------
Finished Renaming Generated Nets : Time (s): cpu = 00:00:56 ; elapsed = 00:00:58 . Memory (MB): peak = 2734.363 ; gain = 218.508 ; free physical = 2301 ; free virtual = 9774
---------------------------------------------------------------------------------
---------------------------------------------------------------------------------
Start ROM, RAM, DSP, Shift Register and Retiming Reporting
---------------------------------------------------------------------------------

Dynamic Shift Register Report:
+------------+---------------+--------+------------+--------+---------+--------+--------+--------+
|Module Name | RTL Name      | Length | Data Width | SRL16E | SRLC32E | Mux F7 | Mux F8 | Mux F9 | 
+------------+---------------+--------+------------+--------+---------+--------+--------+--------+
|dsrl        | shift_reg_reg | 16     | 1          | 1      | 0       | 0      | 0      | 0      | 
|dsrl__1     | shift_reg_reg | 32     | 1          | 0      | 1       | 0      | 0      | 0      | 
|dsrl__403   | shift_reg_reg | 16     | 1          | 1      | 0       | 0      | 0      | 0      | 
+------------+---------------+--------+------------+--------+---------+--------+--------+--------+

---------------------------------------------------------------------------------
Finished ROM, RAM, DSP, Shift Register and Retiming Reporting
---------------------------------------------------------------------------------
---------------------------------------------------------------------------------
Start Writing Synthesis Report
---------------------------------------------------------------------------------

Report BlackBoxes: 
+-+--------------+----------+
| |BlackBox name |Instances |
+-+--------------+----------+
+-+--------------+----------+

Report Cell Usage: 
+------+--------+------+
|      |Cell    |Count |
+------+--------+------+
|1     |CARRY4  |    15|
|2     |LUT1    |    41|
|3     |LUT2    |    59|
|4     |LUT3    |   279|
|5     |LUT4    |   167|
|6     |LUT5    |   101|
|7     |LUT6    |   282|
|8     |RAM32M  |    24|
|9     |SRL16   |     1|
|10    |SRL16E  |    28|
|11    |SRLC32E |    66|
|12    |FDCE    |    24|
|13    |FDR     |     4|
|14    |FDRE    |   734|
|15    |FDSE    |    36|
+------+--------+------+
---------------------------------------------------------------------------------
Finished Writing Synthesis Report : Time (s): cpu = 00:00:56 ; elapsed = 00:00:58 . Memory (MB): peak = 2734.363 ; gain = 218.508 ; free physical = 2301 ; free virtual = 9774
---------------------------------------------------------------------------------
Synthesis finished with 0 errors, 0 critical warnings and 0 warnings.
Synthesis Optimization Runtime : Time (s): cpu = 00:00:44 ; elapsed = 00:00:47 . Memory (MB): peak = 2734.363 ; gain = 0.000 ; free physical = 2345 ; free virtual = 9818
Synthesis Optimization Complete : Time (s): cpu = 00:00:56 ; elapsed = 00:00:58 . Memory (MB): peak = 2734.363 ; gain = 218.508 ; free physical = 2345 ; free virtual = 9818
INFO: [Project 1-571] Translating synthesized netlist
Netlist sorting complete. Time (s): cpu = 00:00:00.15 ; elapsed = 00:00:00.14 . Memory (MB): peak = 2734.363 ; gain = 0.000 ; free physical = 2415 ; free virtual = 9886
INFO: [Netlist 29-17] Analyzing 44 Unisim elements for replacement
INFO: [Netlist 29-28] Unisim Transformation completed in 0 CPU seconds
INFO: [Project 1-570] Preparing netlist for logic optimization
INFO: [Opt 31-138] Pushed 0 inverter(s) to 0 load pin(s).
Netlist sorting complete. Time (s): cpu = 00:00:00 ; elapsed = 00:00:00 . Memory (MB): peak = 2734.363 ; gain = 0.000 ; free physical = 2297 ; free virtual = 9780
INFO: [Project 1-111] Unisim Transformation Summary:
  A total of 29 instances were transformed.
  FDR => FDRE: 4 instances
  RAM32M => RAM32M (RAMD32(x6), RAMS32(x2)): 24 instances
  SRL16 => SRL16E: 1 instance 

Synth Design complete, checksum: a882cc0b
INFO: [Common 17-83] Releasing license: Synthesis
101 Infos, 8 Warnings, 0 Critical Warnings and 0 Errors encountered.
synth_design completed successfully
synth_design: Time (s): cpu = 00:01:10 ; elapsed = 00:01:04 . Memory (MB): peak = 2734.363 ; gain = 218.594 ; free physical = 2383 ; free virtual = 9866
INFO: [Common 17-1381] The checkpoint '/home/dator2/Documents/antsdr_standalone/hdl/projects/antsdre200/antsdre200.runs/system_axi_hp2_interconnect_0_synth_1/system_axi_hp2_interconnect_0.dcp' has been generated.
INFO: [Coretcl 2-1648] Added synthesis output to IP cache for IP system_axi_hp2_interconnect_0, cache-ID = 6594c0f8a446790e
INFO: [Coretcl 2-1174] Renamed 160 cell refs.
INFO: [Common 17-1381] The checkpoint '/home/dator2/Documents/antsdr_standalone/hdl/projects/antsdre200/antsdre200.runs/system_axi_hp2_interconnect_0_synth_1/system_axi_hp2_interconnect_0.dcp' has been generated.
INFO: [runtcl-4] Executing : report_utilization -file system_axi_hp2_interconnect_0_utilization_synth.rpt -pb system_axi_hp2_interconnect_0_utilization_synth.pb
INFO: [Common 17-206] Exiting Vivado at Fri Jun 13 14:10:59 2025...
