Copyright 1986-2021 Xilinx, Inc. All Rights Reserved.
----------------------------------------------------------------------------------------
| Tool Version : Vivado v.2021.1 (lin64) Build 3247384 Thu Jun 10 19:36:07 MDT 2021
| Date         : Fri Jun 13 14:14:48 2025
| Host         : dator2-Latitude-5430 running 64-bit Ubuntu 24.04.2 LTS
| Command      : report_clock_utilization -file system_top_clock_utilization_routed.rpt
| Design       : system_top
| Device       : 7z020-clg400
| Speed File   : -2  PRODUCTION 1.12 2019-11-22
| Design State : Routed
----------------------------------------------------------------------------------------

Clock Utilization Report

Table of Contents
-----------------
1. Clock Primitive Utilization
2. Global Clock Resources
3. Global Clock Source Details
4. Clock Regions: Key Resource Utilization
5. Clock Regions : Global Clock Summary
6. Device Cell Placement Summary for Global Clock g0
7. Device Cell Placement Summary for Global Clock g1
8. Device Cell Placement Summary for Global Clock g2
9. Device Cell Placement Summary for Global Clock g3
10. Device Cell Placement Summary for Global Clock g4
11. Device Cell Placement Summary for Global Clock g5
12. Device Cell Placement Summary for Global Clock g6
13. Device Cell Placement Summary for Global Clock g7
14. Device Cell Placement Summary for Global Clock g8
15. Device Cell Placement Summary for Global Clock g9
16. Device Cell Placement Summary for Global Clock g10
17. Device Cell Placement Summary for Global Clock g11
18. Device Cell Placement Summary for Global Clock g12
19. Device Cell Placement Summary for Global Clock g13
20. Clock Region Cell Placement per Global Clock: Region X0Y0
21. Clock Region Cell Placement per Global Clock: Region X1Y0
22. Clock Region Cell Placement per Global Clock: Region X0Y1
23. Clock Region Cell Placement per Global Clock: Region X1Y1
24. Clock Region Cell Placement per Global Clock: Region X0Y2
25. Clock Region Cell Placement per Global Clock: Region X1Y2

1. Clock Primitive Utilization
------------------------------

+----------+------+-----------+-----+--------------+--------+
| Type     | Used | Available | LOC | Clock Region | Pblock |
+----------+------+-----------+-----+--------------+--------+
| BUFGCTRL |   11 |        32 |   0 |            0 |      0 |
| BUFH     |    0 |        72 |   0 |            0 |      0 |
| BUFIO    |    1 |        16 |   1 |            0 |      0 |
| BUFMR    |    0 |         8 |   0 |            0 |      0 |
| BUFR     |    3 |        16 |   0 |            0 |      0 |
| MMCM     |    2 |         4 |   0 |            0 |      0 |
| PLL      |    0 |         4 |   0 |            0 |      0 |
+----------+------+-----------+-----+--------------+--------+


2. Global Clock Resources
-------------------------

+-----------+-----------+-----------------+------------+----------------+--------------+-------------------+-------------+-----------------+--------------+-------------------+--------------------------------------------------------------------------------------------------------------------------------------------------------------+--------------------------------------------------------------------------------------------------------------------------------------------------------------+
| Global Id | Source Id | Driver Type/Pin | Constraint | Site           | Clock Region | Load Clock Region | Clock Loads | Non-Clock Loads | Clock Period | Clock             | Driver Pin                                                                                                                                                   | Net                                                                                                                                                          |
+-----------+-----------+-----------------+------------+----------------+--------------+-------------------+-------------+-----------------+--------------+-------------------+--------------------------------------------------------------------------------------------------------------------------------------------------------------+--------------------------------------------------------------------------------------------------------------------------------------------------------------+
| g0        | src0      | BUFG/O          | None       | BUFGCTRL_X0Y19 | n/a          |                 5 |       10312 |               2 |        4.000 | rx_clk            | i_system_wrapper/system_i/axi_ad9361/inst/i_dev_if/i_clk/i_clk_gbuf/O                                                                                        | i_system_wrapper/system_i/axi_ad9361/inst/i_dev_if/i_clk/clk                                                                                                 |
| g1        | src1      | BUFG/O          | None       | BUFGCTRL_X0Y18 | n/a          |                 6 |        9917 |               0 |       10.000 | clk_fpga_0        | i_system_wrapper/system_i/sys_ps7/inst/buffer_fclk_clk_0.FCLK_CLK_0_BUFG/O                                                                                   | i_system_wrapper/system_i/sys_ps7/inst/FCLK_CLK0                                                                                                             |
| g2        | src2      | BUFGCTRL/O      | None       | BUFGCTRL_X0Y23 | n/a          |                 4 |         605 |               0 |       16.000 | clk_div_sel_0_s   | i_system_wrapper/system_i/util_ad9361_divclk/inst/i_div_clk_gbuf/O                                                                                           | i_system_wrapper/system_i/util_ad9361_divclk/inst/clk_out                                                                                                    |
| g3        | src4      | BUFG/O          | None       | BUFGCTRL_X0Y24 | n/a          |                 1 |         431 |               0 |        5.000 | clk_out3_gen_clks | gen_clks/inst/clkout3_buf/O                                                                                                                                  | gen_clks/inst/clk_out3                                                                                                                                       |
| g4        | src5      | BUFG/O          | None       | BUFGCTRL_X0Y20 | n/a          |                 2 |         207 |               0 |        5.000 | clk_fpga_2        | i_system_wrapper/system_i/sys_rgmii/U0/i_system_sys_rgmii_0_clocking/i_bufg_clk_in/O                                                                         | i_system_wrapper/system_i/sys_rgmii/U0/i_system_sys_rgmii_0_clocking/clkin_out                                                                               |
| g5        | src6      | BUFGCTRL/O      | None       | BUFGCTRL_X0Y16 | n/a          |                 2 |          47 |               0 |        8.000 | gmii_clk_125m_out | i_system_wrapper/system_i/sys_rgmii/U0/i_gmii_to_rgmii_block/i_bufgmux_gmii_clk/O                                                                            | i_system_wrapper/system_i/sys_rgmii/U0/i_gmii_to_rgmii_block/gmii_tx_clk                                                                                     |
| g6        | src8      | BUFG/O          | None       | BUFGCTRL_X0Y21 | n/a          |                 2 |          13 |               0 |        8.000 | RGMII_rxc         | i_system_wrapper/system_i/sys_rgmii/U0/i_gmii_to_rgmii_block/system_sys_rgmii_0_core/i_gmii_to_rgmii/i_gmii_to_rgmii/gen_rgmii_rx_clk_zq.bufg_rgmii_rx_clk/O | i_system_wrapper/system_i/sys_rgmii/U0/i_gmii_to_rgmii_block/system_sys_rgmii_0_core/i_gmii_to_rgmii/i_gmii_to_rgmii/gen_rgmii_rx_clk_zq.bufg_rgmii_rx_clk_0 |
| g7        | src9      | BUFG/O          | None       | BUFGCTRL_X0Y22 | n/a          |                 1 |           6 |               0 |        5.000 | clk_fpga_1        | i_system_wrapper/system_i/sys_ps7/inst/buffer_fclk_clk_1.FCLK_CLK_1_BUFG/O                                                                                   | i_system_wrapper/system_i/sys_ps7/inst/FCLK_CLK1                                                                                                             |
| g8        | src10     | BUFG/O          | None       | BUFGCTRL_X0Y26 | n/a          |                 1 |           1 |               0 |       25.000 | clk_out1_gen_clks | gen_clks/inst/clkout1_buf/O                                                                                                                                  | gen_clks/inst/clk_out1                                                                                                                                       |
| g9        | src11     | BUFG/O          | None       | BUFGCTRL_X0Y25 | n/a          |                 1 |           1 |               0 |       25.000 | clkfbout_gen_clks | gen_clks/inst/clkf_buf/O                                                                                                                                     | gen_clks/inst/clkfbout_buf_gen_clks                                                                                                                          |
| g10       | src12     | BUFGCTRL/O      | None       | BUFGCTRL_X0Y17 | n/a          |                 1 |           1 |               0 |       40.000 | gmii_clk_2_5m_out | i_system_wrapper/system_i/sys_rgmii/U0/i_gmii_to_rgmii_block/i_bufgmux_gmii_clk_25m_2_5m/O                                                                   | i_system_wrapper/system_i/sys_rgmii/U0/i_gmii_to_rgmii_block/gmii_clk_25m_or_2_5m                                                                            |
| g11       | src14     | BUFR/O          | None       | BUFR_X1Y4      | X1Y1         |                 1 |           1 |               0 |      400.000 | gmii_clk_2_5m_out | i_system_wrapper/system_i/sys_rgmii/U0/i_system_sys_rgmii_0_clocking/clk10_div_buf/O                                                                         | i_system_wrapper/system_i/sys_rgmii/U0/i_system_sys_rgmii_0_clocking/gmii_clk_2_5m_out                                                                       |
| g12       | src15     | BUFR/O          | None       | BUFR_X1Y8      | X1Y2         |                 1 |           1 |               0 |       16.000 | clk_div_sel_0_s   | i_system_wrapper/system_i/util_ad9361_divclk/inst/clk_divide_sel_0/O                                                                                         | i_system_wrapper/system_i/util_ad9361_divclk/inst/clk_div_sel_0_s                                                                                            |
| g13       | src15     | BUFR/O          | None       | BUFR_X1Y9      | X1Y2         |                 1 |           1 |               0 |        8.000 | clk_div_sel_1_s   | i_system_wrapper/system_i/util_ad9361_divclk/inst/clk_divide_sel_1/O                                                                                         | i_system_wrapper/system_i/util_ad9361_divclk/inst/clk_div_sel_1_s                                                                                            |
+-----------+-----------+-----------------+------------+----------------+--------------+-------------------+-------------+-----------------+--------------+-------------------+--------------------------------------------------------------------------------------------------------------------------------------------------------------+--------------------------------------------------------------------------------------------------------------------------------------------------------------+
* Clock Loads column represents the clock pin loads (pin count)
** Non-Clock Loads column represents the non-clock pin loads (pin count)


3. Global Clock Source Details
------------------------------

+-----------+-----------+---------------------+------------+-----------------+--------------+-------------+-----------------+---------------------+-------------------+--------------------------------------------------------------------------------------------+----------------------------------------------------------------------------------------+
| Source Id | Global Id | Driver Type/Pin     | Constraint | Site            | Clock Region | Clock Loads | Non-Clock Loads | Source Clock Period | Source Clock      | Driver Pin                                                                                 | Net                                                                                    |
+-----------+-----------+---------------------+------------+-----------------+--------------+-------------+-----------------+---------------------+-------------------+--------------------------------------------------------------------------------------------+----------------------------------------------------------------------------------------+
| src0      | g0        | IBUFDS/O            | IOB_X1Y72  | IOB_X1Y72       | X1Y1         |           1 |               0 |               4.000 | rx_clk            | i_system_wrapper/system_i/axi_ad9361/inst/i_dev_if/i_clk/i_rx_clk_ibuf/O                   | i_system_wrapper/system_i/axi_ad9361/inst/i_dev_if/i_clk/clk_ibuf_s                    |
| src1      | g1        | PS7/FCLKCLK[0]      | PS7_X0Y0   | PS7_X0Y0        | X0Y2         |           1 |               0 |              10.000 | clk_fpga_0        | i_system_wrapper/system_i/sys_ps7/inst/PS7_i/FCLKCLK[0]                                    | i_system_wrapper/system_i/sys_ps7/inst/FCLK_CLK_unbuffered[0]                          |
| src2      | g2        | BUFR/O              | None       | BUFR_X1Y8       | X1Y2         |           1 |               0 |              16.000 | clk_div_sel_0_s   | i_system_wrapper/system_i/util_ad9361_divclk/inst/clk_divide_sel_0/O                       | i_system_wrapper/system_i/util_ad9361_divclk/inst/clk_div_sel_0_s                      |
| src3      | g2        | BUFR/O              | None       | BUFR_X1Y9       | X1Y2         |           0 |               0 |               8.000 | clk_div_sel_1_s   | i_system_wrapper/system_i/util_ad9361_divclk/inst/clk_divide_sel_1/O                       | i_system_wrapper/system_i/util_ad9361_divclk/inst/clk_div_sel_1_s                      |
| src4      | g3        | MMCME2_ADV/CLKOUT2  | None       | MMCME2_ADV_X1Y2 | X1Y2         |           1 |               0 |               5.000 | clk_out3_gen_clks | gen_clks/inst/mmcm_adv_inst/CLKOUT2                                                        | gen_clks/inst/clk_out3_gen_clks                                                        |
| src5      | g4        | PS7/FCLKCLK[2]      | PS7_X0Y0   | PS7_X0Y0        | X0Y2         |           1 |               0 |               5.000 | clk_fpga_2        | i_system_wrapper/system_i/sys_ps7/inst/PS7_i/FCLKCLK[2]                                    | i_system_wrapper/system_i/sys_ps7/inst/FCLK_CLK_unbuffered[2]                          |
| src6      | g5        | BUFGCTRL/O          | None       | BUFGCTRL_X0Y17  | n/a          |           1 |               0 |              40.000 | gmii_clk_25m_out  | i_system_wrapper/system_i/sys_rgmii/U0/i_gmii_to_rgmii_block/i_bufgmux_gmii_clk_25m_2_5m/O | i_system_wrapper/system_i/sys_rgmii/U0/i_gmii_to_rgmii_block/gmii_clk_25m_or_2_5m      |
| src7      | g5        | MMCME2_ADV/CLKOUT0  | None       | MMCME2_ADV_X1Y1 | X1Y1         |           0 |               0 |               8.000 | gmii_clk_125m_out | i_system_wrapper/system_i/sys_rgmii/U0/i_system_sys_rgmii_0_clocking/mmcm_adv_inst/CLKOUT0 | i_system_wrapper/system_i/sys_rgmii/U0/i_system_sys_rgmii_0_clocking/gmii_clk_125m_out |
| src8      | g6        | IBUF/O              | IOB_X1Y124 | IOB_X1Y124      | X1Y2         |           2 |               0 |               8.000 | RGMII_rxc         | i_system_wrapper/system_i/sys_rgmii/U0/i_gmii_to_rgmii_block/rgmii_rxc_ibuf_i/O            | i_system_wrapper/system_i/sys_rgmii/U0/i_gmii_to_rgmii_block/rgmii_rxc_ibuf            |
| src9      | g7        | PS7/FCLKCLK[1]      | PS7_X0Y0   | PS7_X0Y0        | X0Y2         |           1 |               0 |               5.000 | clk_fpga_1        | i_system_wrapper/system_i/sys_ps7/inst/PS7_i/FCLKCLK[1]                                    | i_system_wrapper/system_i/sys_ps7/inst/FCLK_CLK_unbuffered[1]                          |
| src10     | g8        | MMCME2_ADV/CLKOUT0  | None       | MMCME2_ADV_X1Y2 | X1Y2         |           1 |               0 |              25.000 | clk_out1_gen_clks | gen_clks/inst/mmcm_adv_inst/CLKOUT0                                                        | gen_clks/inst/clk_out1_gen_clks                                                        |
| src11     | g9        | MMCME2_ADV/CLKFBOUT | None       | MMCME2_ADV_X1Y2 | X1Y2         |           1 |               0 |              25.000 | clkfbout_gen_clks | gen_clks/inst/mmcm_adv_inst/CLKFBOUT                                                       | gen_clks/inst/clkfbout_gen_clks                                                        |
| src12     | g10       | BUFR/O              | None       | BUFR_X1Y4       | X1Y1         |           1 |               0 |             400.000 | gmii_clk_2_5m_out | i_system_wrapper/system_i/sys_rgmii/U0/i_system_sys_rgmii_0_clocking/clk10_div_buf/O       | i_system_wrapper/system_i/sys_rgmii/U0/i_system_sys_rgmii_0_clocking/gmii_clk_2_5m_out |
| src13     | g10       | MMCME2_ADV/CLKOUT1  | None       | MMCME2_ADV_X1Y1 | X1Y1         |           0 |               0 |              40.000 | gmii_clk_25m_out  | i_system_wrapper/system_i/sys_rgmii/U0/i_system_sys_rgmii_0_clocking/mmcm_adv_inst/CLKOUT1 | i_system_wrapper/system_i/sys_rgmii/U0/i_system_sys_rgmii_0_clocking/gmii_clk_25m_out  |
| src14     | g11       | MMCME2_ADV/CLKOUT2  | None       | MMCME2_ADV_X1Y1 | X1Y1         |           1 |               0 |             100.000 | clk_10            | i_system_wrapper/system_i/sys_rgmii/U0/i_system_sys_rgmii_0_clocking/mmcm_adv_inst/CLKOUT2 | i_system_wrapper/system_i/sys_rgmii/U0/i_system_sys_rgmii_0_clocking/clk_10            |
| src15     | g12       | BUFG/O              | None       | BUFGCTRL_X0Y19  | n/a          |       10314 |               0 |               4.000 | rx_clk            | i_system_wrapper/system_i/axi_ad9361/inst/i_dev_if/i_clk/i_clk_gbuf/O                      | i_system_wrapper/system_i/axi_ad9361/inst/i_dev_if/i_clk/clk                           |
| src15     | g13       | BUFG/O              | None       | BUFGCTRL_X0Y19  | n/a          |       10314 |               0 |               4.000 | rx_clk            | i_system_wrapper/system_i/axi_ad9361/inst/i_dev_if/i_clk/i_clk_gbuf/O                      | i_system_wrapper/system_i/axi_ad9361/inst/i_dev_if/i_clk/clk                           |
+-----------+-----------+---------------------+------------+-----------------+--------------+-------------+-----------------+---------------------+-------------------+--------------------------------------------------------------------------------------------+----------------------------------------------------------------------------------------+
* Clock Loads column represents the clock pin loads (pin count)
** Non-Clock Loads column represents the non-clock pin loads (pin count)


4. Clock Regions: Key Resource Utilization
------------------------------------------

+-------------------+--------------+--------------+--------------+--------------+--------------+--------------+--------------+--------------+--------------+--------------+--------------+--------------+--------------+--------------+--------------+
|                   | Global Clock |     BUFRs    |    BUFMRs    |    BUFIOs    |     MMCM     |      PLL     |      GT      |      PCI     |    ILOGIC    |    OLOGIC    |      FF      |     LUTM     |    RAMB18    |    RAMB36    |    DSP48E2   |
+-------------------+------+-------+------+-------+------+-------+------+-------+------+-------+------+-------+------+-------+------+-------+------+-------+------+-------+------+-------+------+-------+------+-------+------+-------+------+-------+
| Clock Region Name | Used | Avail | Used | Avail | Used | Avail | Used | Avail | Used | Avail | Used | Avail | Used | Avail | Used | Avail | Used | Avail | Used | Avail | Used | Avail | Used | Avail | Used | Avail | Used | Avail | Used | Avail |
+-------------------+------+-------+------+-------+------+-------+------+-------+------+-------+------+-------+------+-------+------+-------+------+-------+------+-------+------+-------+------+-------+------+-------+------+-------+------+-------+
| X0Y0              |    3 |    12 |    0 |     4 |    0 |     2 |    0 |     4 |    0 |     1 |    0 |     1 |    0 |     0 |    0 |     0 |    0 |    50 |    0 |    50 | 2726 |  2500 | 1649 |  1000 |    0 |    60 |    0 |    30 |    2 |    60 |
| X1Y0              |    3 |    12 |    0 |     4 |    0 |     2 |    0 |     4 |    0 |     1 |    0 |     1 |    0 |     0 |    0 |     0 |    0 |    50 |    0 |    50 | 5738 |  3200 | 1686 |   850 |    0 |    60 |    1 |    30 |   12 |    40 |
| X0Y1              |    3 |    12 |    0 |     0 |    0 |     0 |    0 |     0 |    0 |     0 |    0 |     0 |    0 |     0 |    0 |     0 |    0 |     0 |    0 |     0 | 3459 |  1200 | 1598 |   400 |    0 |    20 |    3 |    10 |    9 |    20 |
| X1Y1              |    5 |    12 |    1 |     4 |    0 |     2 |    0 |     4 |    1 |     1 |    0 |     1 |    0 |     0 |    0 |     0 |    7 |    50 |   10 |    50 | 6605 |  2600 | 2404 |   850 |    0 |    60 |    0 |    30 |    5 |    40 |
| X0Y2              |    3 |    12 |    0 |     0 |    0 |     0 |    0 |     0 |    0 |     0 |    0 |     0 |    0 |     0 |    0 |     0 |    0 |     0 |    0 |     0 |  595 |  1200 |  211 |   400 |    0 |    20 |    0 |    10 |    0 |    20 |
| X1Y2              |    9 |    12 |    2 |     4 |    0 |     2 |    1 |     4 |    1 |     1 |    0 |     1 |    0 |     0 |    0 |     0 |    5 |    50 |    6 |    50 | 1376 |  2600 |  547 |   850 |    0 |    60 |    0 |    30 |    0 |    40 |
+-------------------+------+-------+------+-------+------+-------+------+-------+------+-------+------+-------+------+-------+------+-------+------+-------+------+-------+------+-------+------+-------+------+-------+------+-------+------+-------+
* Global Clock column represents track count; while other columns represents cell counts


5. Clock Regions : Global Clock Summary
---------------------------------------

All Modules
+----+----+----+
|    | X0 | X1 |
+----+----+----+
| Y2 |  3 |  9 |
| Y1 |  3 |  5 |
| Y0 |  3 |  3 |
+----+----+----+


6. Device Cell Placement Summary for Global Clock g0
----------------------------------------------------

+-----------+-----------------+-------------------+--------+-------------+---------------+-------------+----------+----------------+----------+--------------------------------------------------------------+
| Global Id | Driver Type/Pin | Driver Region (D) | Clock  | Period (ns) | Waveform (ns) | Slice Loads | IO Loads | Clocking Loads | GT Loads | Net                                                          |
+-----------+-----------------+-------------------+--------+-------------+---------------+-------------+----------+----------------+----------+--------------------------------------------------------------+
| g0        | BUFG/O          | n/a               | rx_clk |       4.000 | {0.000 2.000} |       10312 |        0 |              2 |        0 | i_system_wrapper/system_i/axi_ad9361/inst/i_dev_if/i_clk/clk |
+-----------+-----------------+-------------------+--------+-------------+---------------+-------------+----------+----------------+----------+--------------------------------------------------------------+
* Slice Loads column represents load cell count of all cell types other than IO, GT and clock resources
** IO Loads column represents load cell count of IO types
*** Clocking Loads column represents load cell count that are clock resources (global clock buffer, MMCM, PLL, etc)
**** GT Loads column represents load cell count of GT types


+----+-------+-------+-----------------------+
|    | X0    | X1    | HORIZONTAL PROG DELAY |
+----+-------+-------+-----------------------+
| Y2 |     0 |     2 |                     0 |
| Y1 |   789 |  3636 |                     0 |
| Y0 |  1771 |  4116 |                     0 |
+----+-------+-------+-----------------------+


7. Device Cell Placement Summary for Global Clock g1
----------------------------------------------------

+-----------+-----------------+-------------------+------------+-------------+---------------+-------------+----------+----------------+----------+--------------------------------------------------+
| Global Id | Driver Type/Pin | Driver Region (D) | Clock      | Period (ns) | Waveform (ns) | Slice Loads | IO Loads | Clocking Loads | GT Loads | Net                                              |
+-----------+-----------------+-------------------+------------+-------------+---------------+-------------+----------+----------------+----------+--------------------------------------------------+
| g1        | BUFG/O          | n/a               | clk_fpga_0 |      10.000 | {0.000 5.000} |        9849 |        0 |              0 |        0 | i_system_wrapper/system_i/sys_ps7/inst/FCLK_CLK0 |
+-----------+-----------------+-------------------+------------+-------------+---------------+-------------+----------+----------------+----------+--------------------------------------------------+
* Slice Loads column represents load cell count of all cell types other than IO, GT and clock resources
** IO Loads column represents load cell count of IO types
*** Clocking Loads column represents load cell count that are clock resources (global clock buffer, MMCM, PLL, etc)
**** GT Loads column represents load cell count of GT types


+----+-------+-------+-----------------------+
|    | X0    | X1    | HORIZONTAL PROG DELAY |
+----+-------+-------+-----------------------+
| Y2 |   632 |   690 |                     0 |
| Y1 |  2612 |  2988 |                     0 |
| Y0 |  1244 |  1683 |                     0 |
+----+-------+-------+-----------------------+


8. Device Cell Placement Summary for Global Clock g2
----------------------------------------------------

+-----------+-----------------+-------------------+----------+-------------+---------------+-------------+----------+----------------+----------+-----------------------------------------------------------+
| Global Id | Driver Type/Pin | Driver Region (D) | Clock    | Period (ns) | Waveform (ns) | Slice Loads | IO Loads | Clocking Loads | GT Loads | Net                                                       |
+-----------+-----------------+-------------------+----------+-------------+---------------+-------------+----------+----------------+----------+-----------------------------------------------------------+
| g2        | BUFGCTRL/O      | n/a               | Multiple |      16.000 | {0.000 8.000} |         602 |        0 |              0 |        0 | i_system_wrapper/system_i/util_ad9361_divclk/inst/clk_out |
+-----------+-----------------+-------------------+----------+-------------+---------------+-------------+----------+----------------+----------+-----------------------------------------------------------+
* Slice Loads column represents load cell count of all cell types other than IO, GT and clock resources
** IO Loads column represents load cell count of IO types
*** Clocking Loads column represents load cell count that are clock resources (global clock buffer, MMCM, PLL, etc)
**** GT Loads column represents load cell count of GT types


+----+------+-----+-----------------------+
|    | X0   | X1  | HORIZONTAL PROG DELAY |
+----+------+-----+-----------------------+
| Y2 |    0 |   0 |                     0 |
| Y1 |  363 |  79 |                     0 |
| Y0 |  130 |  30 |                     0 |
+----+------+-----+-----------------------+


9. Device Cell Placement Summary for Global Clock g3
----------------------------------------------------

+-----------+-----------------+-------------------+-------------------+-------------+---------------+-------------+----------+----------------+----------+------------------------+
| Global Id | Driver Type/Pin | Driver Region (D) | Clock             | Period (ns) | Waveform (ns) | Slice Loads | IO Loads | Clocking Loads | GT Loads | Net                    |
+-----------+-----------------+-------------------+-------------------+-------------+---------------+-------------+----------+----------------+----------+------------------------+
| g3        | BUFG/O          | n/a               | clk_out3_gen_clks |       5.000 | {0.000 2.500} |         431 |        0 |              0 |        0 | gen_clks/inst/clk_out3 |
+-----------+-----------------+-------------------+-------------------+-------------+---------------+-------------+----------+----------------+----------+------------------------+
* Slice Loads column represents load cell count of all cell types other than IO, GT and clock resources
** IO Loads column represents load cell count of IO types
*** Clocking Loads column represents load cell count that are clock resources (global clock buffer, MMCM, PLL, etc)
**** GT Loads column represents load cell count of GT types


+----+----+------+-----------------------+
|    | X0 | X1   | HORIZONTAL PROG DELAY |
+----+----+------+-----------------------+
| Y2 |  0 |  431 |                     0 |
| Y1 |  0 |    0 |                     0 |
| Y0 |  0 |    0 |                     0 |
+----+----+------+-----------------------+


10. Device Cell Placement Summary for Global Clock g4
-----------------------------------------------------

+-----------+-----------------+-------------------+------------+-------------+---------------+-------------+----------+----------------+----------+--------------------------------------------------------------------------------+
| Global Id | Driver Type/Pin | Driver Region (D) | Clock      | Period (ns) | Waveform (ns) | Slice Loads | IO Loads | Clocking Loads | GT Loads | Net                                                                            |
+-----------+-----------------+-------------------+------------+-------------+---------------+-------------+----------+----------------+----------+--------------------------------------------------------------------------------+
| g4        | BUFG/O          | n/a               | clk_fpga_2 |       5.000 | {0.000 2.500} |         206 |        0 |              1 |        0 | i_system_wrapper/system_i/sys_rgmii/U0/i_system_sys_rgmii_0_clocking/clkin_out |
+-----------+-----------------+-------------------+------------+-------------+---------------+-------------+----------+----------------+----------+--------------------------------------------------------------------------------+
* Slice Loads column represents load cell count of all cell types other than IO, GT and clock resources
** IO Loads column represents load cell count of IO types
*** Clocking Loads column represents load cell count that are clock resources (global clock buffer, MMCM, PLL, etc)
**** GT Loads column represents load cell count of GT types


+----+----+------+-----------------------+
|    | X0 | X1   | HORIZONTAL PROG DELAY |
+----+----+------+-----------------------+
| Y2 |  0 |  206 |                     0 |
| Y1 |  0 |    1 |                     0 |
| Y0 |  0 |    0 |                     0 |
+----+----+------+-----------------------+


11. Device Cell Placement Summary for Global Clock g5
-----------------------------------------------------

+-----------+-----------------+-------------------+-------------------+-------------+---------------+-------------+----------+----------------+----------+--------------------------------------------------------------------------+
| Global Id | Driver Type/Pin | Driver Region (D) | Clock             | Period (ns) | Waveform (ns) | Slice Loads | IO Loads | Clocking Loads | GT Loads | Net                                                                      |
+-----------+-----------------+-------------------+-------------------+-------------+---------------+-------------+----------+----------------+----------+--------------------------------------------------------------------------+
| g5        | BUFGCTRL/O      | n/a               | gmii_clk_125m_out |       8.000 | {0.000 4.000} |          47 |        0 |              0 |        0 | i_system_wrapper/system_i/sys_rgmii/U0/i_gmii_to_rgmii_block/gmii_tx_clk |
+-----------+-----------------+-------------------+-------------------+-------------+---------------+-------------+----------+----------------+----------+--------------------------------------------------------------------------+
* Slice Loads column represents load cell count of all cell types other than IO, GT and clock resources
** IO Loads column represents load cell count of IO types
*** Clocking Loads column represents load cell count that are clock resources (global clock buffer, MMCM, PLL, etc)
**** GT Loads column represents load cell count of GT types


+----+----+-----+-----------------------+
|    | X0 | X1  | HORIZONTAL PROG DELAY |
+----+----+-----+-----------------------+
| Y2 |  1 |  46 |                     0 |
| Y1 |  0 |   0 |                     0 |
| Y0 |  0 |   0 |                     0 |
+----+----+-----+-----------------------+


12. Device Cell Placement Summary for Global Clock g6
-----------------------------------------------------

+-----------+-----------------+-------------------+-----------+-------------+---------------+-------------+----------+----------------+----------+--------------------------------------------------------------------------------------------------------------------------------------------------------------+
| Global Id | Driver Type/Pin | Driver Region (D) | Clock     | Period (ns) | Waveform (ns) | Slice Loads | IO Loads | Clocking Loads | GT Loads | Net                                                                                                                                                          |
+-----------+-----------------+-------------------+-----------+-------------+---------------+-------------+----------+----------------+----------+--------------------------------------------------------------------------------------------------------------------------------------------------------------+
| g6        | BUFG/O          | n/a               | RGMII_rxc |       8.000 | {0.000 4.000} |          13 |        0 |              0 |        0 | i_system_wrapper/system_i/sys_rgmii/U0/i_gmii_to_rgmii_block/system_sys_rgmii_0_core/i_gmii_to_rgmii/i_gmii_to_rgmii/gen_rgmii_rx_clk_zq.bufg_rgmii_rx_clk_0 |
+-----------+-----------------+-------------------+-----------+-------------+---------------+-------------+----------+----------------+----------+--------------------------------------------------------------------------------------------------------------------------------------------------------------+
* Slice Loads column represents load cell count of all cell types other than IO, GT and clock resources
** IO Loads column represents load cell count of IO types
*** Clocking Loads column represents load cell count that are clock resources (global clock buffer, MMCM, PLL, etc)
**** GT Loads column represents load cell count of GT types


+----+----+-----+-----------------------+
|    | X0 | X1  | HORIZONTAL PROG DELAY |
+----+----+-----+-----------------------+
| Y2 |  1 |  12 |                     0 |
| Y1 |  0 |   0 |                     0 |
| Y0 |  0 |   0 |                     0 |
+----+----+-----+-----------------------+


13. Device Cell Placement Summary for Global Clock g7
-----------------------------------------------------

+-----------+-----------------+-------------------+------------+-------------+---------------+-------------+----------+----------------+----------+--------------------------------------------------+
| Global Id | Driver Type/Pin | Driver Region (D) | Clock      | Period (ns) | Waveform (ns) | Slice Loads | IO Loads | Clocking Loads | GT Loads | Net                                              |
+-----------+-----------------+-------------------+------------+-------------+---------------+-------------+----------+----------------+----------+--------------------------------------------------+
| g7        | BUFG/O          | n/a               | clk_fpga_1 |       5.000 | {0.000 2.500} |           6 |        0 |              0 |        0 | i_system_wrapper/system_i/sys_ps7/inst/FCLK_CLK1 |
+-----------+-----------------+-------------------+------------+-------------+---------------+-------------+----------+----------------+----------+--------------------------------------------------+
* Slice Loads column represents load cell count of all cell types other than IO, GT and clock resources
** IO Loads column represents load cell count of IO types
*** Clocking Loads column represents load cell count that are clock resources (global clock buffer, MMCM, PLL, etc)
**** GT Loads column represents load cell count of GT types


+----+----+----+-----------------------+
|    | X0 | X1 | HORIZONTAL PROG DELAY |
+----+----+----+-----------------------+
| Y2 |  0 |  0 |                     0 |
| Y1 |  0 |  6 |                     0 |
| Y0 |  0 |  0 |                     0 |
+----+----+----+-----------------------+


14. Device Cell Placement Summary for Global Clock g8
-----------------------------------------------------

+-----------+-----------------+-------------------+-------------------+-------------+----------------+-------------+----------+----------------+----------+------------------------+
| Global Id | Driver Type/Pin | Driver Region (D) | Clock             | Period (ns) | Waveform (ns)  | Slice Loads | IO Loads | Clocking Loads | GT Loads | Net                    |
+-----------+-----------------+-------------------+-------------------+-------------+----------------+-------------+----------+----------------+----------+------------------------+
| g8        | BUFG/O          | n/a               | clk_out1_gen_clks |      25.000 | {0.000 12.500} |           1 |        0 |              0 |        0 | gen_clks/inst/clk_out1 |
+-----------+-----------------+-------------------+-------------------+-------------+----------------+-------------+----------+----------------+----------+------------------------+
* Slice Loads column represents load cell count of all cell types other than IO, GT and clock resources
** IO Loads column represents load cell count of IO types
*** Clocking Loads column represents load cell count that are clock resources (global clock buffer, MMCM, PLL, etc)
**** GT Loads column represents load cell count of GT types


+----+----+----+-----------------------+
|    | X0 | X1 | HORIZONTAL PROG DELAY |
+----+----+----+-----------------------+
| Y2 |  0 |  1 |                     0 |
| Y1 |  0 |  0 |                     0 |
| Y0 |  0 |  0 |                     0 |
+----+----+----+-----------------------+


15. Device Cell Placement Summary for Global Clock g9
-----------------------------------------------------

+-----------+-----------------+-------------------+-------------------+-------------+----------------+-------------+----------+----------------+----------+-------------------------------------+
| Global Id | Driver Type/Pin | Driver Region (D) | Clock             | Period (ns) | Waveform (ns)  | Slice Loads | IO Loads | Clocking Loads | GT Loads | Net                                 |
+-----------+-----------------+-------------------+-------------------+-------------+----------------+-------------+----------+----------------+----------+-------------------------------------+
| g9        | BUFG/O          | n/a               | clkfbout_gen_clks |      25.000 | {0.000 12.500} |           0 |        0 |              1 |        0 | gen_clks/inst/clkfbout_buf_gen_clks |
+-----------+-----------------+-------------------+-------------------+-------------+----------------+-------------+----------+----------------+----------+-------------------------------------+
* Slice Loads column represents load cell count of all cell types other than IO, GT and clock resources
** IO Loads column represents load cell count of IO types
*** Clocking Loads column represents load cell count that are clock resources (global clock buffer, MMCM, PLL, etc)
**** GT Loads column represents load cell count of GT types


+----+----+----+-----------------------+
|    | X0 | X1 | HORIZONTAL PROG DELAY |
+----+----+----+-----------------------+
| Y2 |  0 |  1 |                     0 |
| Y1 |  0 |  0 |                     0 |
| Y0 |  0 |  0 |                     0 |
+----+----+----+-----------------------+


16. Device Cell Placement Summary for Global Clock g10
------------------------------------------------------

+-----------+-----------------+-------------------+----------+-------------+----------------+-------------+----------+----------------+----------+-----------------------------------------------------------------------------------+
| Global Id | Driver Type/Pin | Driver Region (D) | Clock    | Period (ns) | Waveform (ns)  | Slice Loads | IO Loads | Clocking Loads | GT Loads | Net                                                                               |
+-----------+-----------------+-------------------+----------+-------------+----------------+-------------+----------+----------------+----------+-----------------------------------------------------------------------------------+
| g10       | BUFGCTRL/O      | n/a               | Multiple |      40.000 | {0.000 20.000} |           0 |        0 |              1 |        0 | i_system_wrapper/system_i/sys_rgmii/U0/i_gmii_to_rgmii_block/gmii_clk_25m_or_2_5m |
+-----------+-----------------+-------------------+----------+-------------+----------------+-------------+----------+----------------+----------+-----------------------------------------------------------------------------------+
* Slice Loads column represents load cell count of all cell types other than IO, GT and clock resources
** IO Loads column represents load cell count of IO types
*** Clocking Loads column represents load cell count that are clock resources (global clock buffer, MMCM, PLL, etc)
**** GT Loads column represents load cell count of GT types


+----+----+----+-----------------------+
|    | X0 | X1 | HORIZONTAL PROG DELAY |
+----+----+----+-----------------------+
| Y2 |  0 |  0 |                     0 |
| Y1 |  0 |  0 |                     0 |
| Y0 |  0 |  0 |                     0 |
+----+----+----+-----------------------+


17. Device Cell Placement Summary for Global Clock g11
------------------------------------------------------

+-----------+-----------------+-------------------+-------------------+-------------+-----------------+-------------+----------+----------------+----------+----------------------------------------------------------------------------------------+
| Global Id | Driver Type/Pin | Driver Region (D) | Clock             | Period (ns) | Waveform (ns)   | Slice Loads | IO Loads | Clocking Loads | GT Loads | Net                                                                                    |
+-----------+-----------------+-------------------+-------------------+-------------+-----------------+-------------+----------+----------------+----------+----------------------------------------------------------------------------------------+
| g11       | BUFR/O          | X1Y1              | gmii_clk_2_5m_out |     400.000 | {0.000 200.000} |           0 |        0 |              1 |        0 | i_system_wrapper/system_i/sys_rgmii/U0/i_system_sys_rgmii_0_clocking/gmii_clk_2_5m_out |
+-----------+-----------------+-------------------+-------------------+-------------+-----------------+-------------+----------+----------------+----------+----------------------------------------------------------------------------------------+
* Slice Loads column represents load cell count of all cell types other than IO, GT and clock resources
** IO Loads column represents load cell count of IO types
*** Clocking Loads column represents load cell count that are clock resources (global clock buffer, MMCM, PLL, etc)
**** GT Loads column represents load cell count of GT types


+----+----+--------+-----------------------+
|    | X0 | X1     | HORIZONTAL PROG DELAY |
+----+----+--------+-----------------------+
| Y2 |  0 |      0 |                     0 |
| Y1 |  0 |  (D) 0 |                     0 |
| Y0 |  0 |      0 |                     0 |
+----+----+--------+-----------------------+


18. Device Cell Placement Summary for Global Clock g12
------------------------------------------------------

+-----------+-----------------+-------------------+-----------------+-------------+---------------+-------------+----------+----------------+----------+-------------------------------------------------------------------+
| Global Id | Driver Type/Pin | Driver Region (D) | Clock           | Period (ns) | Waveform (ns) | Slice Loads | IO Loads | Clocking Loads | GT Loads | Net                                                               |
+-----------+-----------------+-------------------+-----------------+-------------+---------------+-------------+----------+----------------+----------+-------------------------------------------------------------------+
| g12       | BUFR/O          | X1Y2              | clk_div_sel_0_s |      16.000 | {0.000 8.000} |           0 |        0 |              1 |        0 | i_system_wrapper/system_i/util_ad9361_divclk/inst/clk_div_sel_0_s |
+-----------+-----------------+-------------------+-----------------+-------------+---------------+-------------+----------+----------------+----------+-------------------------------------------------------------------+
* Slice Loads column represents load cell count of all cell types other than IO, GT and clock resources
** IO Loads column represents load cell count of IO types
*** Clocking Loads column represents load cell count that are clock resources (global clock buffer, MMCM, PLL, etc)
**** GT Loads column represents load cell count of GT types


+----+----+--------+-----------------------+
|    | X0 | X1     | HORIZONTAL PROG DELAY |
+----+----+--------+-----------------------+
| Y2 |  0 |  (D) 0 |                     0 |
| Y1 |  0 |      0 |                     0 |
| Y0 |  0 |      0 |                     0 |
+----+----+--------+-----------------------+


19. Device Cell Placement Summary for Global Clock g13
------------------------------------------------------

+-----------+-----------------+-------------------+-----------------+-------------+---------------+-------------+----------+----------------+----------+-------------------------------------------------------------------+
| Global Id | Driver Type/Pin | Driver Region (D) | Clock           | Period (ns) | Waveform (ns) | Slice Loads | IO Loads | Clocking Loads | GT Loads | Net                                                               |
+-----------+-----------------+-------------------+-----------------+-------------+---------------+-------------+----------+----------------+----------+-------------------------------------------------------------------+
| g13       | BUFR/O          | X1Y2              | clk_div_sel_1_s |       8.000 | {0.000 4.000} |           0 |        0 |              1 |        0 | i_system_wrapper/system_i/util_ad9361_divclk/inst/clk_div_sel_1_s |
+-----------+-----------------+-------------------+-----------------+-------------+---------------+-------------+----------+----------------+----------+-------------------------------------------------------------------+
* Slice Loads column represents load cell count of all cell types other than IO, GT and clock resources
** IO Loads column represents load cell count of IO types
*** Clocking Loads column represents load cell count that are clock resources (global clock buffer, MMCM, PLL, etc)
**** GT Loads column represents load cell count of GT types


+----+----+--------+-----------------------+
|    | X0 | X1     | HORIZONTAL PROG DELAY |
+----+----+--------+-----------------------+
| Y2 |  0 |  (D) 0 |                     0 |
| Y1 |  0 |      0 |                     0 |
| Y0 |  0 |      0 |                     0 |
+----+----+--------+-----------------------+


20. Clock Region Cell Placement per Global Clock: Region X0Y0
-------------------------------------------------------------

+-----------+-------+-----------------+------------+-------------+-----------------+------+--------+------+-----+----+------+-----+---------+--------------------------------------------------------------+
| Global Id | Track | Driver Type/Pin | Constraint | Clock Loads | Non-Clock Loads | FF   | LUTRAM | RAMB | DSP | GT | MMCM | PLL | Hard IP | Net                                                          |
+-----------+-------+-----------------+------------+-------------+-----------------+------+--------+------+-----+----+------+-----+---------+--------------------------------------------------------------+
| g0        | n/a   | BUFG/O          | None       |        1771 |               0 | 1377 |    392 |    0 |   2 |  0 |    0 |   0 |       0 | i_system_wrapper/system_i/axi_ad9361/inst/i_dev_if/i_clk/clk |
| g1        | n/a   | BUFG/O          | None       |        1244 |               0 | 1219 |     25 |    0 |   0 |  0 |    0 |   0 |       0 | i_system_wrapper/system_i/sys_ps7/inst/FCLK_CLK0             |
| g2        | n/a   | BUFGCTRL/O      | None       |         130 |               0 |  130 |      0 |    0 |   0 |  0 |    0 |   0 |       0 | i_system_wrapper/system_i/util_ad9361_divclk/inst/clk_out    |
+-----------+-------+-----------------+------------+-------------+-----------------+------+--------+------+-----+----+------+-----+---------+--------------------------------------------------------------+
* Clock Loads column represents the clock pin loads (pin count)
** Non-Clock Loads column represents the non-clock pin loads (pin count)
*** Columns FF, LUTRAM, RAMB through 'Hard IP' represents load cell counts


21. Clock Region Cell Placement per Global Clock: Region X1Y0
-------------------------------------------------------------

+-----------+-------+-----------------+------------+-------------+-----------------+------+--------+------+-----+----+------+-----+---------+--------------------------------------------------------------+
| Global Id | Track | Driver Type/Pin | Constraint | Clock Loads | Non-Clock Loads | FF   | LUTRAM | RAMB | DSP | GT | MMCM | PLL | Hard IP | Net                                                          |
+-----------+-------+-----------------+------------+-------------+-----------------+------+--------+------+-----+----+------+-----+---------+--------------------------------------------------------------+
| g0        | n/a   | BUFG/O          | None       |        4116 |               0 | 4026 |     77 |    1 |  12 |  0 |    0 |   0 |       0 | i_system_wrapper/system_i/axi_ad9361/inst/i_dev_if/i_clk/clk |
| g1        | n/a   | BUFG/O          | None       |        1683 |               0 | 1683 |      0 |    0 |   0 |  0 |    0 |   0 |       0 | i_system_wrapper/system_i/sys_ps7/inst/FCLK_CLK0             |
| g2        | n/a   | BUFGCTRL/O      | None       |          30 |               0 |   29 |      0 |    1 |   0 |  0 |    0 |   0 |       0 | i_system_wrapper/system_i/util_ad9361_divclk/inst/clk_out    |
+-----------+-------+-----------------+------------+-------------+-----------------+------+--------+------+-----+----+------+-----+---------+--------------------------------------------------------------+
* Clock Loads column represents the clock pin loads (pin count)
** Non-Clock Loads column represents the non-clock pin loads (pin count)
*** Columns FF, LUTRAM, RAMB through 'Hard IP' represents load cell counts


22. Clock Region Cell Placement per Global Clock: Region X0Y1
-------------------------------------------------------------

+-----------+-------+-----------------+------------+-------------+-----------------+------+--------+------+-----+----+------+-----+---------+--------------------------------------------------------------+
| Global Id | Track | Driver Type/Pin | Constraint | Clock Loads | Non-Clock Loads | FF   | LUTRAM | RAMB | DSP | GT | MMCM | PLL | Hard IP | Net                                                          |
+-----------+-------+-----------------+------------+-------------+-----------------+------+--------+------+-----+----+------+-----+---------+--------------------------------------------------------------+
| g0        | n/a   | BUFG/O          | None       |         789 |               0 |  683 |     96 |    1 |   9 |  0 |    0 |   0 |       0 | i_system_wrapper/system_i/axi_ad9361/inst/i_dev_if/i_clk/clk |
| g1        | n/a   | BUFG/O          | None       |        2612 |               0 | 2416 |    194 |    2 |   0 |  0 |    0 |   0 |       0 | i_system_wrapper/system_i/sys_ps7/inst/FCLK_CLK0             |
| g2        | n/a   | BUFGCTRL/O      | None       |         363 |               0 |  360 |      0 |    3 |   0 |  0 |    0 |   0 |       0 | i_system_wrapper/system_i/util_ad9361_divclk/inst/clk_out    |
+-----------+-------+-----------------+------------+-------------+-----------------+------+--------+------+-----+----+------+-----+---------+--------------------------------------------------------------+
* Clock Loads column represents the clock pin loads (pin count)
** Non-Clock Loads column represents the non-clock pin loads (pin count)
*** Columns FF, LUTRAM, RAMB through 'Hard IP' represents load cell counts


23. Clock Region Cell Placement per Global Clock: Region X1Y1
-------------------------------------------------------------

+-----------+-------+-----------------+------------+-------------+-----------------+------+--------+------+-----+----+------+-----+---------+--------------------------------------------------------------------------------+
| Global Id | Track | Driver Type/Pin | Constraint | Clock Loads | Non-Clock Loads | FF   | LUTRAM | RAMB | DSP | GT | MMCM | PLL | Hard IP | Net                                                                            |
+-----------+-------+-----------------+------------+-------------+-----------------+------+--------+------+-----+----+------+-----+---------+--------------------------------------------------------------------------------+
| g0        | n/a   | BUFG/O          | None       |        3636 |               0 | 3541 |     73 |    0 |   5 |  0 |    0 |   0 |       0 | i_system_wrapper/system_i/axi_ad9361/inst/i_dev_if/i_clk/clk                   |
| g1        | n/a   | BUFG/O          | None       |        2988 |               0 | 2981 |      0 |    0 |   0 |  0 |    0 |   0 |       0 | i_system_wrapper/system_i/sys_ps7/inst/FCLK_CLK0                               |
| g2        | n/a   | BUFGCTRL/O      | None       |          79 |               0 |   78 |      1 |    0 |   0 |  0 |    0 |   0 |       0 | i_system_wrapper/system_i/util_ad9361_divclk/inst/clk_out                      |
| g4        | n/a   | BUFG/O          | None       |           1 |               0 |    0 |      0 |    0 |   0 |  0 |    1 |   0 |       0 | i_system_wrapper/system_i/sys_rgmii/U0/i_system_sys_rgmii_0_clocking/clkin_out |
| g7        | n/a   | BUFG/O          | None       |           6 |               0 |    5 |      0 |    0 |   0 |  0 |    0 |   0 |       0 | i_system_wrapper/system_i/sys_ps7/inst/FCLK_CLK1                               |
+-----------+-------+-----------------+------------+-------------+-----------------+------+--------+------+-----+----+------+-----+---------+--------------------------------------------------------------------------------+
* Clock Loads column represents the clock pin loads (pin count)
** Non-Clock Loads column represents the non-clock pin loads (pin count)
*** Columns FF, LUTRAM, RAMB through 'Hard IP' represents load cell counts


24. Clock Region Cell Placement per Global Clock: Region X0Y2
-------------------------------------------------------------

+-----------+-------+-----------------+------------+-------------+-----------------+-----+--------+------+-----+----+------+-----+---------+--------------------------------------------------------------------------------------------------------------------------------------------------------------+
| Global Id | Track | Driver Type/Pin | Constraint | Clock Loads | Non-Clock Loads | FF  | LUTRAM | RAMB | DSP | GT | MMCM | PLL | Hard IP | Net                                                                                                                                                          |
+-----------+-------+-----------------+------------+-------------+-----------------+-----+--------+------+-----+----+------+-----+---------+--------------------------------------------------------------------------------------------------------------------------------------------------------------+
| g1        | n/a   | BUFG/O          | None       |         632 |               0 | 595 |     36 |    0 |   0 |  0 |    0 |   0 |       0 | i_system_wrapper/system_i/sys_ps7/inst/FCLK_CLK0                                                                                                             |
| g5        | n/a   | BUFGCTRL/O      | None       |           1 |               0 |   0 |      0 |    0 |   0 |  0 |    0 |   0 |       0 | i_system_wrapper/system_i/sys_rgmii/U0/i_gmii_to_rgmii_block/gmii_tx_clk                                                                                     |
| g6        | n/a   | BUFG/O          | None       |           1 |               0 |   0 |      0 |    0 |   0 |  0 |    0 |   0 |       0 | i_system_wrapper/system_i/sys_rgmii/U0/i_gmii_to_rgmii_block/system_sys_rgmii_0_core/i_gmii_to_rgmii/i_gmii_to_rgmii/gen_rgmii_rx_clk_zq.bufg_rgmii_rx_clk_0 |
+-----------+-------+-----------------+------------+-------------+-----------------+-----+--------+------+-----+----+------+-----+---------+--------------------------------------------------------------------------------------------------------------------------------------------------------------+
* Clock Loads column represents the clock pin loads (pin count)
** Non-Clock Loads column represents the non-clock pin loads (pin count)
*** Columns FF, LUTRAM, RAMB through 'Hard IP' represents load cell counts


25. Clock Region Cell Placement per Global Clock: Region X1Y2
-------------------------------------------------------------

+-----------+-------+-----------------+------------+-------------+-----------------+-----+--------+------+-----+----+------+-----+---------+--------------------------------------------------------------------------------------------------------------------------------------------------------------+
| Global Id | Track | Driver Type/Pin | Constraint | Clock Loads | Non-Clock Loads | FF  | LUTRAM | RAMB | DSP | GT | MMCM | PLL | Hard IP | Net                                                                                                                                                          |
+-----------+-------+-----------------+------------+-------------+-----------------+-----+--------+------+-----+----+------+-----+---------+--------------------------------------------------------------------------------------------------------------------------------------------------------------+
| g0        | n/a   | BUFG/O          | None       |           0 |               2 |   0 |      0 |    0 |   0 |  0 |    0 |   0 |       0 | i_system_wrapper/system_i/axi_ad9361/inst/i_dev_if/i_clk/clk                                                                                                 |
| g1        | n/a   | BUFG/O          | None       |         690 |               0 | 689 |      1 |    0 |   0 |  0 |    0 |   0 |       0 | i_system_wrapper/system_i/sys_ps7/inst/FCLK_CLK0                                                                                                             |
| g3        | n/a   | BUFG/O          | None       |         431 |               0 | 429 |      2 |    0 |   0 |  0 |    0 |   0 |       0 | gen_clks/inst/clk_out3                                                                                                                                       |
| g4        | n/a   | BUFG/O          | None       |         206 |               0 | 205 |      0 |    0 |   0 |  0 |    0 |   0 |       0 | i_system_wrapper/system_i/sys_rgmii/U0/i_system_sys_rgmii_0_clocking/clkin_out                                                                               |
| g5        | n/a   | BUFGCTRL/O      | None       |          46 |               0 |  40 |      0 |    0 |   0 |  0 |    0 |   0 |       0 | i_system_wrapper/system_i/sys_rgmii/U0/i_gmii_to_rgmii_block/gmii_tx_clk                                                                                     |
| g6        | n/a   | BUFG/O          | None       |          12 |               0 |  12 |      0 |    0 |   0 |  0 |    0 |   0 |       0 | i_system_wrapper/system_i/sys_rgmii/U0/i_gmii_to_rgmii_block/system_sys_rgmii_0_core/i_gmii_to_rgmii/i_gmii_to_rgmii/gen_rgmii_rx_clk_zq.bufg_rgmii_rx_clk_0 |
| g8        | n/a   | BUFG/O          | None       |           1 |               0 |   1 |      0 |    0 |   0 |  0 |    0 |   0 |       0 | gen_clks/inst/clk_out1                                                                                                                                       |
| g9        | n/a   | BUFG/O          | None       |           1 |               0 |   0 |      0 |    0 |   0 |  0 |    1 |   0 |       0 | gen_clks/inst/clkfbout_buf_gen_clks                                                                                                                          |
+-----------+-------+-----------------+------------+-------------+-----------------+-----+--------+------+-----+----+------+-----+---------+--------------------------------------------------------------------------------------------------------------------------------------------------------------+
* Clock Loads column represents the clock pin loads (pin count)
** Non-Clock Loads column represents the non-clock pin loads (pin count)
*** Columns FF, LUTRAM, RAMB through 'Hard IP' represents load cell counts



# Location of BUFG Primitives 
set_property LOC BUFGCTRL_X0Y23 [get_cells i_system_wrapper/system_i/util_ad9361_divclk/inst/i_div_clk_gbuf]
set_property LOC BUFGCTRL_X0Y20 [get_cells i_system_wrapper/system_i/sys_rgmii/U0/i_system_sys_rgmii_0_clocking/i_bufg_clk_in]
set_property LOC BUFGCTRL_X0Y21 [get_cells i_system_wrapper/system_i/sys_rgmii/U0/i_gmii_to_rgmii_block/system_sys_rgmii_0_core/i_gmii_to_rgmii/i_gmii_to_rgmii/gen_rgmii_rx_clk_zq.bufg_rgmii_rx_clk]
set_property LOC BUFGCTRL_X0Y16 [get_cells i_system_wrapper/system_i/sys_rgmii/U0/i_gmii_to_rgmii_block/i_bufgmux_gmii_clk]
set_property LOC BUFGCTRL_X0Y17 [get_cells i_system_wrapper/system_i/sys_rgmii/U0/i_gmii_to_rgmii_block/i_bufgmux_gmii_clk_25m_2_5m]
set_property LOC BUFGCTRL_X0Y22 [get_cells i_system_wrapper/system_i/sys_ps7/inst/buffer_fclk_clk_1.FCLK_CLK_1_BUFG]
set_property LOC BUFGCTRL_X0Y18 [get_cells i_system_wrapper/system_i/sys_ps7/inst/buffer_fclk_clk_0.FCLK_CLK_0_BUFG]
set_property LOC BUFGCTRL_X0Y19 [get_cells i_system_wrapper/system_i/axi_ad9361/inst/i_dev_if/i_clk/i_clk_gbuf]
set_property LOC BUFGCTRL_X0Y25 [get_cells gen_clks/inst/clkf_buf]
set_property LOC BUFGCTRL_X0Y24 [get_cells gen_clks/inst/clkout3_buf]
set_property LOC BUFGCTRL_X0Y26 [get_cells gen_clks/inst/clkout1_buf]

# Location of BUFIO Primitives 
set_property LOC BUFIO_X1Y9 [get_cells i_system_wrapper/system_i/sys_rgmii/U0/i_gmii_to_rgmii_block/system_sys_rgmii_0_core/i_gmii_to_rgmii/i_gmii_to_rgmii/gen_rgmii_rx_clk_zq.bufio_rgmii_rx_clk]

# Location of BUFR Primitives 
set_property LOC BUFR_X1Y9 [get_cells i_system_wrapper/system_i/util_ad9361_divclk/inst/clk_divide_sel_1]
set_property LOC BUFR_X1Y8 [get_cells i_system_wrapper/system_i/util_ad9361_divclk/inst/clk_divide_sel_0]
set_property LOC BUFR_X1Y4 [get_cells i_system_wrapper/system_i/sys_rgmii/U0/i_system_sys_rgmii_0_clocking/clk10_div_buf]

# Location of IO Primitives which is load of clock spine

# Location of clock ports
set_property LOC IOB_X1Y126 [get_ports CLK_40MHz_FPGA]
set_property LOC IOB_X1Y124 [get_ports RGMII_rxc]
set_property LOC IOB_X1Y71 [get_ports rx_clk_in_n]
set_property LOC IOB_X1Y72 [get_ports rx_clk_in_p]

# Clock net "i_system_wrapper/system_i/util_ad9361_divclk/inst/clk_out" driven by instance "i_system_wrapper/system_i/util_ad9361_divclk/inst/i_div_clk_gbuf" located at site "BUFGCTRL_X0Y23"
#startgroup
create_pblock {CLKAG_i_system_wrapper/system_i/util_ad9361_divclk/inst/clk_out}
add_cells_to_pblock [get_pblocks  {CLKAG_i_system_wrapper/system_i/util_ad9361_divclk/inst/clk_out}] [get_cells -filter { PRIMITIVE_GROUP != I/O && IS_PRIMITIVE==1 && PRIMITIVE_LEVEL !=INTERNAL } -of_object [get_pins -filter {DIRECTION==IN} -of_objects [get_nets -hierarchical -filter {PARENT=="i_system_wrapper/system_i/util_ad9361_divclk/inst/clk_out"}]]]
resize_pblock [get_pblocks {CLKAG_i_system_wrapper/system_i/util_ad9361_divclk/inst/clk_out}] -add {CLOCKREGION_X0Y0:CLOCKREGION_X0Y0 CLOCKREGION_X0Y1:CLOCKREGION_X0Y1 CLOCKREGION_X1Y0:CLOCKREGION_X1Y0 CLOCKREGION_X1Y1:CLOCKREGION_X1Y1}
#endgroup

# Clock net "i_system_wrapper/system_i/sys_rgmii/U0/i_system_sys_rgmii_0_clocking/clkin_out" driven by instance "i_system_wrapper/system_i/sys_rgmii/U0/i_system_sys_rgmii_0_clocking/i_bufg_clk_in" located at site "BUFGCTRL_X0Y20"
#startgroup
create_pblock {CLKAG_i_system_wrapper/system_i/sys_rgmii/U0/i_system_sys_rgmii_0_clocking/clkin_out}
add_cells_to_pblock [get_pblocks  {CLKAG_i_system_wrapper/system_i/sys_rgmii/U0/i_system_sys_rgmii_0_clocking/clkin_out}] [get_cells -filter { PRIMITIVE_GROUP != I/O && IS_PRIMITIVE==1 && PRIMITIVE_LEVEL !=INTERNAL && NAME!=i_system_wrapper/system_i/sys_rgmii/U0/i_system_sys_rgmii_0_clocking/mmcm_adv_inst} -of_object [get_pins -filter {DIRECTION==IN} -of_objects [get_nets -hierarchical -filter {PARENT=="i_system_wrapper/system_i/sys_rgmii/U0/i_system_sys_rgmii_0_clocking/clkin_out"}]]]
resize_pblock [get_pblocks {CLKAG_i_system_wrapper/system_i/sys_rgmii/U0/i_system_sys_rgmii_0_clocking/clkin_out}] -add {CLOCKREGION_X1Y2:CLOCKREGION_X1Y2}
#endgroup

# Clock net "i_system_wrapper/system_i/sys_rgmii/U0/i_gmii_to_rgmii_block/system_sys_rgmii_0_core/i_gmii_to_rgmii/i_gmii_to_rgmii/gen_rgmii_rx_clk_zq.bufg_rgmii_rx_clk_0" driven by instance "i_system_wrapper/system_i/sys_rgmii/U0/i_gmii_to_rgmii_block/system_sys_rgmii_0_core/i_gmii_to_rgmii/i_gmii_to_rgmii/gen_rgmii_rx_clk_zq.bufg_rgmii_rx_clk" located at site "BUFGCTRL_X0Y21"
#startgroup
create_pblock {CLKAG_i_system_wrapper/system_i/sys_rgmii/U0/i_gmii_to_rgmii_block/system_sys_rgmii_0_core/i_gmii_to_rgmii/i_gmii_to_rgmii/gen_rgmii_rx_clk_zq.bufg_rgmii_rx_clk_0}
add_cells_to_pblock [get_pblocks  {CLKAG_i_system_wrapper/system_i/sys_rgmii/U0/i_gmii_to_rgmii_block/system_sys_rgmii_0_core/i_gmii_to_rgmii/i_gmii_to_rgmii/gen_rgmii_rx_clk_zq.bufg_rgmii_rx_clk_0}] [get_cells -filter { PRIMITIVE_GROUP != I/O && IS_PRIMITIVE==1 && PRIMITIVE_LEVEL !=INTERNAL } -of_object [get_pins -filter {DIRECTION==IN} -of_objects [get_nets -hierarchical -filter {PARENT=="i_system_wrapper/system_i/sys_rgmii/U0/i_gmii_to_rgmii_block/system_sys_rgmii_0_core/i_gmii_to_rgmii/i_gmii_to_rgmii/gen_rgmii_rx_clk_zq.bufg_rgmii_rx_clk_0"}]]]
resize_pblock [get_pblocks {CLKAG_i_system_wrapper/system_i/sys_rgmii/U0/i_gmii_to_rgmii_block/system_sys_rgmii_0_core/i_gmii_to_rgmii/i_gmii_to_rgmii/gen_rgmii_rx_clk_zq.bufg_rgmii_rx_clk_0}] -add {CLOCKREGION_X0Y2:CLOCKREGION_X0Y2 CLOCKREGION_X1Y2:CLOCKREGION_X1Y2}
#endgroup

# Clock net "i_system_wrapper/system_i/sys_rgmii/U0/i_gmii_to_rgmii_block/gmii_tx_clk" driven by instance "i_system_wrapper/system_i/sys_rgmii/U0/i_gmii_to_rgmii_block/i_bufgmux_gmii_clk" located at site "BUFGCTRL_X0Y16"
#startgroup
create_pblock {CLKAG_i_system_wrapper/system_i/sys_rgmii/U0/i_gmii_to_rgmii_block/gmii_tx_clk}
add_cells_to_pblock [get_pblocks  {CLKAG_i_system_wrapper/system_i/sys_rgmii/U0/i_gmii_to_rgmii_block/gmii_tx_clk}] [get_cells -filter { PRIMITIVE_GROUP != I/O && IS_PRIMITIVE==1 && PRIMITIVE_LEVEL !=INTERNAL } -of_object [get_pins -filter {DIRECTION==IN} -of_objects [get_nets -hierarchical -filter {PARENT=="i_system_wrapper/system_i/sys_rgmii/U0/i_gmii_to_rgmii_block/gmii_tx_clk"}]]]
resize_pblock [get_pblocks {CLKAG_i_system_wrapper/system_i/sys_rgmii/U0/i_gmii_to_rgmii_block/gmii_tx_clk}] -add {CLOCKREGION_X0Y2:CLOCKREGION_X0Y2 CLOCKREGION_X1Y2:CLOCKREGION_X1Y2}
#endgroup

# Clock net "i_system_wrapper/system_i/sys_ps7/inst/FCLK_CLK1" driven by instance "i_system_wrapper/system_i/sys_ps7/inst/buffer_fclk_clk_1.FCLK_CLK_1_BUFG" located at site "BUFGCTRL_X0Y22"
#startgroup
create_pblock {CLKAG_i_system_wrapper/system_i/sys_ps7/inst/FCLK_CLK1}
add_cells_to_pblock [get_pblocks  {CLKAG_i_system_wrapper/system_i/sys_ps7/inst/FCLK_CLK1}] [get_cells -filter { PRIMITIVE_GROUP != I/O && IS_PRIMITIVE==1 && PRIMITIVE_LEVEL !=INTERNAL } -of_object [get_pins -filter {DIRECTION==IN} -of_objects [get_nets -hierarchical -filter {PARENT=="i_system_wrapper/system_i/sys_ps7/inst/FCLK_CLK1"}]]]
resize_pblock [get_pblocks {CLKAG_i_system_wrapper/system_i/sys_ps7/inst/FCLK_CLK1}] -add {CLOCKREGION_X1Y1:CLOCKREGION_X1Y1}
#endgroup

# Clock net "i_system_wrapper/system_i/sys_ps7/inst/FCLK_CLK0" driven by instance "i_system_wrapper/system_i/sys_ps7/inst/buffer_fclk_clk_0.FCLK_CLK_0_BUFG" located at site "BUFGCTRL_X0Y18"
#startgroup
create_pblock {CLKAG_i_system_wrapper/system_i/sys_ps7/inst/FCLK_CLK0}
add_cells_to_pblock [get_pblocks  {CLKAG_i_system_wrapper/system_i/sys_ps7/inst/FCLK_CLK0}] [get_cells -filter { PRIMITIVE_GROUP != I/O && IS_PRIMITIVE==1 && PRIMITIVE_LEVEL !=INTERNAL } -of_object [get_pins -filter {DIRECTION==IN} -of_objects [get_nets -hierarchical -filter {PARENT=="i_system_wrapper/system_i/sys_ps7/inst/FCLK_CLK0"}]]]
resize_pblock [get_pblocks {CLKAG_i_system_wrapper/system_i/sys_ps7/inst/FCLK_CLK0}] -add {CLOCKREGION_X0Y0:CLOCKREGION_X0Y0 CLOCKREGION_X0Y1:CLOCKREGION_X0Y1 CLOCKREGION_X0Y2:CLOCKREGION_X0Y2 CLOCKREGION_X1Y0:CLOCKREGION_X1Y0 CLOCKREGION_X1Y1:CLOCKREGION_X1Y1 CLOCKREGION_X1Y2:CLOCKREGION_X1Y2}
#endgroup

# Clock net "i_system_wrapper/system_i/axi_ad9361/inst/i_dev_if/i_clk/clk" driven by instance "i_system_wrapper/system_i/axi_ad9361/inst/i_dev_if/i_clk/i_clk_gbuf" located at site "BUFGCTRL_X0Y19"
#startgroup
create_pblock {CLKAG_i_system_wrapper/system_i/axi_ad9361/inst/i_dev_if/i_clk/clk}
add_cells_to_pblock [get_pblocks  {CLKAG_i_system_wrapper/system_i/axi_ad9361/inst/i_dev_if/i_clk/clk}] [get_cells -filter { PRIMITIVE_GROUP != I/O && IS_PRIMITIVE==1 && PRIMITIVE_LEVEL !=INTERNAL && NAME!=i_system_wrapper/system_i/util_ad9361_divclk/inst/clk_divide_sel_1 && NAME!=i_system_wrapper/system_i/util_ad9361_divclk/inst/clk_divide_sel_0} -of_object [get_pins -filter {DIRECTION==IN} -of_objects [get_nets -hierarchical -filter {PARENT=="i_system_wrapper/system_i/axi_ad9361/inst/i_dev_if/i_clk/clk"}]]]
resize_pblock [get_pblocks {CLKAG_i_system_wrapper/system_i/axi_ad9361/inst/i_dev_if/i_clk/clk}] -add {CLOCKREGION_X0Y0:CLOCKREGION_X0Y0 CLOCKREGION_X0Y1:CLOCKREGION_X0Y1 CLOCKREGION_X1Y0:CLOCKREGION_X1Y0 CLOCKREGION_X1Y1:CLOCKREGION_X1Y1}
#endgroup

# Clock net "gen_clks/inst/clk_out3" driven by instance "gen_clks/inst/clkout3_buf" located at site "BUFGCTRL_X0Y24"
#startgroup
create_pblock {CLKAG_gen_clks/inst/clk_out3}
add_cells_to_pblock [get_pblocks  {CLKAG_gen_clks/inst/clk_out3}] [get_cells -filter { PRIMITIVE_GROUP != I/O && IS_PRIMITIVE==1 && PRIMITIVE_LEVEL !=INTERNAL } -of_object [get_pins -filter {DIRECTION==IN} -of_objects [get_nets -hierarchical -filter {PARENT=="gen_clks/inst/clk_out3"}]]]
resize_pblock [get_pblocks {CLKAG_gen_clks/inst/clk_out3}] -add {CLOCKREGION_X1Y2:CLOCKREGION_X1Y2}
#endgroup

# Clock net "gen_clks/inst/clk_out1" driven by instance "gen_clks/inst/clkout1_buf" located at site "BUFGCTRL_X0Y26"
#startgroup
create_pblock {CLKAG_gen_clks/inst/clk_out1}
add_cells_to_pblock [get_pblocks  {CLKAG_gen_clks/inst/clk_out1}] [get_cells -filter { PRIMITIVE_GROUP != I/O && IS_PRIMITIVE==1 && PRIMITIVE_LEVEL !=INTERNAL } -of_object [get_pins -filter {DIRECTION==IN} -of_objects [get_nets -hierarchical -filter {PARENT=="gen_clks/inst/clk_out1"}]]]
resize_pblock [get_pblocks {CLKAG_gen_clks/inst/clk_out1}] -add {CLOCKREGION_X1Y2:CLOCKREGION_X1Y2}
#endgroup
