
*** Running vivado
    with args -log system_util_ad9361_adc_fifo_0.vds -m64 -product Vivado -mode batch -messageDb vivado.pb -notrace -source system_util_ad9361_adc_fifo_0.tcl


****** Vivado v2021.1 (64-bit)
  **** SW Build 3247384 on Thu Jun 10 19:36:07 MDT 2021
  **** IP Build 3246043 on Fri Jun 11 00:30:35 MDT 2021
    ** Copyright 1986-2021 Xilinx, Inc. All Rights Reserved.

source system_util_ad9361_adc_fifo_0.tcl -notrace
INFO: [IP_Flow 19-234] Refreshing IP repositories
INFO: [IP_Flow 19-1700] Loaded user IP repository '/home/dator2/Documents/antsdr_standalone/hdl/library'.
WARNING: [IP_Flow 19-2248] Failed to load user IP repository '/home/dator2/Documents/antsdr_standalone/ghdl/library'; Can't find the specified path.
If this directory should no longer be in your list of user repositories, go to the IP Settings dialog and remove it.
INFO: [IP_Flow 19-2313] Loaded Vivado IP repository '/tools/Xilinx/Vivado/2021.1/data/ip'.
Command: synth_design -top system_util_ad9361_adc_fifo_0 -part xc7z020clg400-2 -mode out_of_context
Starting synth_design
Attempting to get a license for feature 'Synthesis' and/or device 'xc7z020'
INFO: [Common 17-349] Got license for feature 'Synthesis' and/or device 'xc7z020'
INFO: [Device 21-403] Loading part xc7z020clg400-2
INFO: [Synth 8-7079] Multithreading enabled for synth_design using a maximum of 4 processes.
INFO: [Synth 8-7078] Launching helper process for spawning children vivado processes
INFO: [Synth 8-7075] Helper process launched with PID 23173
---------------------------------------------------------------------------------
Starting RTL Elaboration : Time (s): cpu = 00:00:05 ; elapsed = 00:00:05 . Memory (MB): peak = 2529.734 ; gain = 0.000 ; free physical = 2850 ; free virtual = 9698
---------------------------------------------------------------------------------
INFO: [Synth 8-6157] synthesizing module 'system_util_ad9361_adc_fifo_0' [/home/dator2/Documents/antsdr_standalone/hdl/projects/antsdre200/antsdre200.gen/sources_1/bd/system/ip/system_util_ad9361_adc_fifo_0/synth/system_util_ad9361_adc_fifo_0.v:57]
INFO: [Synth 8-6157] synthesizing module 'util_wfifo' [/home/dator2/Documents/antsdr_standalone/hdl/projects/antsdre200/antsdre200.gen/sources_1/bd/system/ipshared/2c9a/util_wfifo.v:38]
INFO: [Synth 8-6157] synthesizing module 'ad_mem' [/home/dator2/Documents/antsdr_standalone/hdl/projects/antsdre200/antsdre200.gen/sources_1/bd/system/ipshared/common/ad_mem.v:38]
INFO: [Synth 8-6155] done synthesizing module 'ad_mem' (1#1) [/home/dator2/Documents/antsdr_standalone/hdl/projects/antsdre200/antsdre200.gen/sources_1/bd/system/ipshared/common/ad_mem.v:38]
INFO: [Synth 8-6155] done synthesizing module 'util_wfifo' (2#1) [/home/dator2/Documents/antsdr_standalone/hdl/projects/antsdre200/antsdre200.gen/sources_1/bd/system/ipshared/2c9a/util_wfifo.v:38]
INFO: [Synth 8-6155] done synthesizing module 'system_util_ad9361_adc_fifo_0' (3#1) [/home/dator2/Documents/antsdr_standalone/hdl/projects/antsdre200/antsdre200.gen/sources_1/bd/system/ip/system_util_ad9361_adc_fifo_0/synth/system_util_ad9361_adc_fifo_0.v:57]
---------------------------------------------------------------------------------
Finished RTL Elaboration : Time (s): cpu = 00:00:06 ; elapsed = 00:00:07 . Memory (MB): peak = 2529.734 ; gain = 0.000 ; free physical = 2635 ; free virtual = 9486
---------------------------------------------------------------------------------
---------------------------------------------------------------------------------
Start Handling Custom Attributes
---------------------------------------------------------------------------------
---------------------------------------------------------------------------------
Finished Handling Custom Attributes : Time (s): cpu = 00:00:07 ; elapsed = 00:00:07 . Memory (MB): peak = 2529.734 ; gain = 0.000 ; free physical = 3319 ; free virtual = 10168
---------------------------------------------------------------------------------
---------------------------------------------------------------------------------
Finished RTL Optimization Phase 1 : Time (s): cpu = 00:00:07 ; elapsed = 00:00:07 . Memory (MB): peak = 2529.734 ; gain = 0.000 ; free physical = 3319 ; free virtual = 10168
---------------------------------------------------------------------------------
Netlist sorting complete. Time (s): cpu = 00:00:00 ; elapsed = 00:00:00 . Memory (MB): peak = 2529.734 ; gain = 0.000 ; free physical = 3319 ; free virtual = 10168
INFO: [Project 1-570] Preparing netlist for logic optimization

Processing XDC Constraints
Initializing timing engine
Parsing XDC File [/home/dator2/Documents/antsdr_standalone/hdl/projects/antsdre200/antsdre200.gen/sources_1/bd/system/ip/system_util_ad9361_adc_fifo_0/util_wfifo_constr.xdc] for cell 'inst'
Finished Parsing XDC File [/home/dator2/Documents/antsdr_standalone/hdl/projects/antsdre200/antsdre200.gen/sources_1/bd/system/ip/system_util_ad9361_adc_fifo_0/util_wfifo_constr.xdc] for cell 'inst'
Parsing XDC File [/home/dator2/Documents/antsdr_standalone/hdl/projects/antsdre200/antsdre200.runs/system_util_ad9361_adc_fifo_0_synth_1/dont_touch.xdc]
Finished Parsing XDC File [/home/dator2/Documents/antsdr_standalone/hdl/projects/antsdre200/antsdre200.runs/system_util_ad9361_adc_fifo_0_synth_1/dont_touch.xdc]
Completed Processing XDC Constraints

Netlist sorting complete. Time (s): cpu = 00:00:00 ; elapsed = 00:00:00 . Memory (MB): peak = 2593.680 ; gain = 0.000 ; free physical = 3127 ; free virtual = 9980
INFO: [Project 1-111] Unisim Transformation Summary:
No Unisim elements were transformed.

Constraint Validation Runtime : Time (s): cpu = 00:00:00.02 ; elapsed = 00:00:00.02 . Memory (MB): peak = 2593.680 ; gain = 0.000 ; free physical = 3127 ; free virtual = 9980
---------------------------------------------------------------------------------
Finished Constraint Validation : Time (s): cpu = 00:00:11 ; elapsed = 00:00:12 . Memory (MB): peak = 2593.680 ; gain = 63.945 ; free physical = 2833 ; free virtual = 9687
---------------------------------------------------------------------------------
---------------------------------------------------------------------------------
Start Loading Part and Timing Information
---------------------------------------------------------------------------------
Loading part: xc7z020clg400-2
---------------------------------------------------------------------------------
Finished Loading Part and Timing Information : Time (s): cpu = 00:00:11 ; elapsed = 00:00:12 . Memory (MB): peak = 2593.680 ; gain = 63.945 ; free physical = 2833 ; free virtual = 9687
---------------------------------------------------------------------------------
---------------------------------------------------------------------------------
Start Applying 'set_property' XDC Constraints
---------------------------------------------------------------------------------
Applied set_property ASYNC_REG = true for inst/dout_enable_m1_reg. (constraint file  /home/dator2/Documents/antsdr_standalone/hdl/projects/antsdre200/antsdre200.gen/sources_1/bd/system/ip/system_util_ad9361_adc_fifo_0/util_wfifo_constr.xdc, line 2).
Applied set_property ASYNC_REG = true for inst/dout_enable_m1_reg. (constraint file  /home/dator2/Documents/antsdr_standalone/hdl/projects/antsdre200/antsdre200.gen/sources_1/bd/system/ip/system_util_ad9361_adc_fifo_0/util_wfifo_constr.xdc, line 2).
Applied set_property ASYNC_REG = true for inst/dout_enable_m1_reg. (constraint file  /home/dator2/Documents/antsdr_standalone/hdl/projects/antsdre200/antsdre200.gen/sources_1/bd/system/ip/system_util_ad9361_adc_fifo_0/util_wfifo_constr.xdc, line 2).
Applied set_property ASYNC_REG = true for inst/dout_enable_m1_reg. (constraint file  /home/dator2/Documents/antsdr_standalone/hdl/projects/antsdre200/antsdre200.gen/sources_1/bd/system/ip/system_util_ad9361_adc_fifo_0/util_wfifo_constr.xdc, line 2).
Applied set_property ASYNC_REG = true for inst/dout_enable_m1_reg. (constraint file  /home/dator2/Documents/antsdr_standalone/hdl/projects/antsdre200/antsdre200.gen/sources_1/bd/system/ip/system_util_ad9361_adc_fifo_0/util_wfifo_constr.xdc, line 2).
Applied set_property ASYNC_REG = true for inst/dout_enable_m1_reg. (constraint file  /home/dator2/Documents/antsdr_standalone/hdl/projects/antsdre200/antsdre200.gen/sources_1/bd/system/ip/system_util_ad9361_adc_fifo_0/util_wfifo_constr.xdc, line 2).
Applied set_property ASYNC_REG = true for inst/dout_enable_m1_reg. (constraint file  /home/dator2/Documents/antsdr_standalone/hdl/projects/antsdre200/antsdre200.gen/sources_1/bd/system/ip/system_util_ad9361_adc_fifo_0/util_wfifo_constr.xdc, line 2).
Applied set_property ASYNC_REG = true for inst/dout_enable_m1_reg. (constraint file  /home/dator2/Documents/antsdr_standalone/hdl/projects/antsdre200/antsdre200.gen/sources_1/bd/system/ip/system_util_ad9361_adc_fifo_0/util_wfifo_constr.xdc, line 2).
Applied set_property ASYNC_REG = true for inst/dout_req_t_m1_reg. (constraint file  /home/dator2/Documents/antsdr_standalone/hdl/projects/antsdre200/antsdre200.gen/sources_1/bd/system/ip/system_util_ad9361_adc_fifo_0/util_wfifo_constr.xdc, line 3).
Applied set_property ASYNC_REG = true for inst/dout_req_t_m2_reg. (constraint file  /home/dator2/Documents/antsdr_standalone/hdl/projects/antsdre200/antsdre200.gen/sources_1/bd/system/ip/system_util_ad9361_adc_fifo_0/util_wfifo_constr.xdc, line 3).
Applied set_property ASYNC_REG = true for inst/dout_req_t_m3_reg. (constraint file  /home/dator2/Documents/antsdr_standalone/hdl/projects/antsdre200/antsdre200.gen/sources_1/bd/system/ip/system_util_ad9361_adc_fifo_0/util_wfifo_constr.xdc, line 3).
Applied set_property ASYNC_REG = true for inst/din_ovf_m1_reg. (constraint file  /home/dator2/Documents/antsdr_standalone/hdl/projects/antsdre200/antsdre200.gen/sources_1/bd/system/ip/system_util_ad9361_adc_fifo_0/util_wfifo_constr.xdc, line 4).
Applied set_property KEEP_HIERARCHY = SOFT for inst. (constraint file  /home/dator2/Documents/antsdr_standalone/hdl/projects/antsdre200/antsdre200.runs/system_util_ad9361_adc_fifo_0_synth_1/dont_touch.xdc, line 9).
---------------------------------------------------------------------------------
Finished applying 'set_property' XDC Constraints : Time (s): cpu = 00:00:11 ; elapsed = 00:00:12 . Memory (MB): peak = 2593.680 ; gain = 63.945 ; free physical = 2833 ; free virtual = 9687
---------------------------------------------------------------------------------
---------------------------------------------------------------------------------
Finished RTL Optimization Phase 2 : Time (s): cpu = 00:00:12 ; elapsed = 00:00:12 . Memory (MB): peak = 2593.680 ; gain = 63.945 ; free physical = 2833 ; free virtual = 9688
---------------------------------------------------------------------------------
---------------------------------------------------------------------------------
Start RTL Component Statistics 
---------------------------------------------------------------------------------
Detailed RTL Component Info : 
+---Adders : 
	   2 Input    4 Bit       Adders := 3     
+---XORs : 
	   2 Input      1 Bit         XORs := 1     
+---Registers : 
	               64 Bit    Registers := 2     
	               16 Bit    Registers := 4     
	                8 Bit    Registers := 3     
	                4 Bit    Registers := 3     
	                1 Bit    Registers := 13    
+---RAMs : 
	             1024 Bit	(16 X 64 bit)          RAMs := 1     
+---Muxes : 
	   2 Input    4 Bit        Muxes := 2     
	   2 Input    1 Bit        Muxes := 1     
---------------------------------------------------------------------------------
Finished RTL Component Statistics 
---------------------------------------------------------------------------------
---------------------------------------------------------------------------------
Start Part Resource Summary
---------------------------------------------------------------------------------
Part Resources:
DSPs: 220 (col length:60)
BRAMs: 280 (col length: RAMB18 60 RAMB36 30)
---------------------------------------------------------------------------------
Finished Part Resource Summary
---------------------------------------------------------------------------------
---------------------------------------------------------------------------------
Start Cross Boundary and Area Optimization
---------------------------------------------------------------------------------
---------------------------------------------------------------------------------
Finished Cross Boundary and Area Optimization : Time (s): cpu = 00:00:13 ; elapsed = 00:00:13 . Memory (MB): peak = 2593.680 ; gain = 63.945 ; free physical = 2777 ; free virtual = 9635
---------------------------------------------------------------------------------
---------------------------------------------------------------------------------
Start ROM, RAM, DSP, Shift Register and Retiming Reporting
---------------------------------------------------------------------------------

Block RAM: Preliminary Mapping Report (see note below)
+------------+-----------------+------------------------+---+---+------------------------+---+---+------------------+--------+--------+
|Module Name | RTL Object      | PORT A (Depth x Width) | W | R | PORT B (Depth x Width) | W | R | Ports driving FF | RAMB18 | RAMB36 | 
+------------+-----------------+------------------------+---+---+------------------------+---+---+------------------+--------+--------+
|inst        | i_mem/m_ram_reg | 16 x 64(NO_CHANGE)     | W |   | 16 x 64(WRITE_FIRST)   |   | R | Port A and B     | 0      | 1      | 
+------------+-----------------+------------------------+---+---+------------------------+---+---+------------------+--------+--------+

Note: The table above is a preliminary report that shows the Block RAMs at the current stage of the synthesis flow. Some Block RAMs may be reimplemented as non Block RAM primitives later in the synthesis flow. Multiple instantiated Block RAMs are reported only once. 
---------------------------------------------------------------------------------
Finished ROM, RAM, DSP, Shift Register and Retiming Reporting
---------------------------------------------------------------------------------
---------------------------------------------------------------------------------
Start Applying XDC Timing Constraints
---------------------------------------------------------------------------------
---------------------------------------------------------------------------------
Finished Applying XDC Timing Constraints : Time (s): cpu = 00:00:18 ; elapsed = 00:00:19 . Memory (MB): peak = 2593.680 ; gain = 63.945 ; free physical = 2460 ; free virtual = 9318
---------------------------------------------------------------------------------
---------------------------------------------------------------------------------
Start Timing Optimization
---------------------------------------------------------------------------------
---------------------------------------------------------------------------------
Finished Timing Optimization : Time (s): cpu = 00:00:18 ; elapsed = 00:00:19 . Memory (MB): peak = 2593.680 ; gain = 63.945 ; free physical = 2460 ; free virtual = 9318
---------------------------------------------------------------------------------
---------------------------------------------------------------------------------
Start ROM, RAM, DSP, Shift Register and Retiming Reporting
---------------------------------------------------------------------------------

Block RAM: Final Mapping Report
+------------+-----------------+------------------------+---+---+------------------------+---+---+------------------+--------+--------+
|Module Name | RTL Object      | PORT A (Depth x Width) | W | R | PORT B (Depth x Width) | W | R | Ports driving FF | RAMB18 | RAMB36 | 
+------------+-----------------+------------------------+---+---+------------------------+---+---+------------------+--------+--------+
|inst        | i_mem/m_ram_reg | 16 x 64(NO_CHANGE)     | W |   | 16 x 64(WRITE_FIRST)   |   | R | Port A and B     | 0      | 1      | 
+------------+-----------------+------------------------+---+---+------------------------+---+---+------------------+--------+--------+

---------------------------------------------------------------------------------
Finished ROM, RAM, DSP, Shift Register and Retiming Reporting
---------------------------------------------------------------------------------
---------------------------------------------------------------------------------
Start Technology Mapping
---------------------------------------------------------------------------------
---------------------------------------------------------------------------------
Finished Technology Mapping : Time (s): cpu = 00:00:18 ; elapsed = 00:00:19 . Memory (MB): peak = 2593.680 ; gain = 63.945 ; free physical = 2444 ; free virtual = 9302
---------------------------------------------------------------------------------
---------------------------------------------------------------------------------
Start IO Insertion
---------------------------------------------------------------------------------
---------------------------------------------------------------------------------
Start Flattening Before IO Insertion
---------------------------------------------------------------------------------
---------------------------------------------------------------------------------
Finished Flattening Before IO Insertion
---------------------------------------------------------------------------------
---------------------------------------------------------------------------------
Start Final Netlist Cleanup
---------------------------------------------------------------------------------
---------------------------------------------------------------------------------
Finished Final Netlist Cleanup
---------------------------------------------------------------------------------
---------------------------------------------------------------------------------
Finished IO Insertion : Time (s): cpu = 00:00:21 ; elapsed = 00:00:22 . Memory (MB): peak = 2593.680 ; gain = 63.945 ; free physical = 2704 ; free virtual = 9562
---------------------------------------------------------------------------------
---------------------------------------------------------------------------------
Start Renaming Generated Instances
---------------------------------------------------------------------------------
---------------------------------------------------------------------------------
Finished Renaming Generated Instances : Time (s): cpu = 00:00:21 ; elapsed = 00:00:22 . Memory (MB): peak = 2593.680 ; gain = 63.945 ; free physical = 2704 ; free virtual = 9562
---------------------------------------------------------------------------------
---------------------------------------------------------------------------------
Start Rebuilding User Hierarchy
---------------------------------------------------------------------------------
---------------------------------------------------------------------------------
Finished Rebuilding User Hierarchy : Time (s): cpu = 00:00:21 ; elapsed = 00:00:22 . Memory (MB): peak = 2593.680 ; gain = 63.945 ; free physical = 2704 ; free virtual = 9562
---------------------------------------------------------------------------------
---------------------------------------------------------------------------------
Start Renaming Generated Ports
---------------------------------------------------------------------------------
---------------------------------------------------------------------------------
Finished Renaming Generated Ports : Time (s): cpu = 00:00:21 ; elapsed = 00:00:22 . Memory (MB): peak = 2593.680 ; gain = 63.945 ; free physical = 2704 ; free virtual = 9562
---------------------------------------------------------------------------------
---------------------------------------------------------------------------------
Start Handling Custom Attributes
---------------------------------------------------------------------------------
---------------------------------------------------------------------------------
Finished Handling Custom Attributes : Time (s): cpu = 00:00:21 ; elapsed = 00:00:22 . Memory (MB): peak = 2593.680 ; gain = 63.945 ; free physical = 2704 ; free virtual = 9562
---------------------------------------------------------------------------------
---------------------------------------------------------------------------------
Start Renaming Generated Nets
---------------------------------------------------------------------------------
---------------------------------------------------------------------------------
Finished Renaming Generated Nets : Time (s): cpu = 00:00:21 ; elapsed = 00:00:22 . Memory (MB): peak = 2593.680 ; gain = 63.945 ; free physical = 2704 ; free virtual = 9562
---------------------------------------------------------------------------------
---------------------------------------------------------------------------------
Start Writing Synthesis Report
---------------------------------------------------------------------------------

Report BlackBoxes: 
+-+--------------+----------+
| |BlackBox name |Instances |
+-+--------------+----------+
+-+--------------+----------+

Report Cell Usage: 
+------+---------+------+
|      |Cell     |Count |
+------+---------+------+
|1     |LUT1     |     2|
|2     |LUT2     |     5|
|3     |LUT3     |     3|
|4     |LUT4     |     4|
|5     |LUT5     |     2|
|6     |LUT6     |     2|
|7     |RAMB36E1 |     1|
|8     |FDCE     |    23|
|9     |FDPE     |     1|
|10    |FDRE     |    77|
+------+---------+------+
---------------------------------------------------------------------------------
Finished Writing Synthesis Report : Time (s): cpu = 00:00:21 ; elapsed = 00:00:22 . Memory (MB): peak = 2593.680 ; gain = 63.945 ; free physical = 2704 ; free virtual = 9562
---------------------------------------------------------------------------------
Synthesis finished with 0 errors, 0 critical warnings and 0 warnings.
Synthesis Optimization Runtime : Time (s): cpu = 00:00:20 ; elapsed = 00:00:21 . Memory (MB): peak = 2593.680 ; gain = 0.000 ; free physical = 2738 ; free virtual = 9597
Synthesis Optimization Complete : Time (s): cpu = 00:00:21 ; elapsed = 00:00:22 . Memory (MB): peak = 2593.680 ; gain = 63.945 ; free physical = 2738 ; free virtual = 9597
INFO: [Project 1-571] Translating synthesized netlist
Netlist sorting complete. Time (s): cpu = 00:00:00 ; elapsed = 00:00:00 . Memory (MB): peak = 2593.680 ; gain = 0.000 ; free physical = 2778 ; free virtual = 9636
INFO: [Netlist 29-17] Analyzing 1 Unisim elements for replacement
INFO: [Netlist 29-28] Unisim Transformation completed in 8 CPU seconds
INFO: [Project 1-570] Preparing netlist for logic optimization
INFO: [Opt 31-138] Pushed 0 inverter(s) to 0 load pin(s).
Netlist sorting complete. Time (s): cpu = 00:00:00 ; elapsed = 00:00:00 . Memory (MB): peak = 2593.680 ; gain = 0.000 ; free physical = 2731 ; free virtual = 9589
INFO: [Project 1-111] Unisim Transformation Summary:
No Unisim elements were transformed.

Synth Design complete, checksum: c5e248ba
INFO: [Common 17-83] Releasing license: Synthesis
23 Infos, 1 Warnings, 0 Critical Warnings and 0 Errors encountered.
synth_design completed successfully
synth_design: Time (s): cpu = 00:00:34 ; elapsed = 00:00:27 . Memory (MB): peak = 2593.680 ; gain = 69.969 ; free physical = 2783 ; free virtual = 9642
INFO: [Common 17-1381] The checkpoint '/home/dator2/Documents/antsdr_standalone/hdl/projects/antsdre200/antsdre200.runs/system_util_ad9361_adc_fifo_0_synth_1/system_util_ad9361_adc_fifo_0.dcp' has been generated.
INFO: [Coretcl 2-1648] Added synthesis output to IP cache for IP system_util_ad9361_adc_fifo_0, cache-ID = b73e4c35d24a950e
INFO: [Coretcl 2-1174] Renamed 2 cell refs.
INFO: [Common 17-1381] The checkpoint '/home/dator2/Documents/antsdr_standalone/hdl/projects/antsdre200/antsdre200.runs/system_util_ad9361_adc_fifo_0_synth_1/system_util_ad9361_adc_fifo_0.dcp' has been generated.
INFO: [runtcl-4] Executing : report_utilization -file system_util_ad9361_adc_fifo_0_utilization_synth.rpt -pb system_util_ad9361_adc_fifo_0_utilization_synth.pb
INFO: [Common 17-206] Exiting Vivado at Fri Jun 13 14:08:34 2025...
